

Version:	3.50
CmdLine:	C:\Users\jackj\UnitySaves\TetriJ\out\artifacts\tetrij_jar\tetrij.exe --l4j-debug
JNI:		No
WOW64:		Yes
Working dir:	C:\Users\jackj\UnitySaves\TetriJ\out\artifacts\tetrij_jar\.
Requires JDK:	No
Requires 64-Bit: No
Java min ver:	
Java max ver:	
Substitute:	JAVA_HOME = C:\Program Files\Java\jdk-19
Substitute:	PATH = C:\Program Files\Common Files\Oracle\Java\javapath;C:\Windows\system32;C:\Windows;C:\Windows\System32\Wbem;C:\Windows\System32\WindowsPowerShell\v1.0\;C:\Windows\System32\OpenSSH\;%JAVA_HOME%\bin;C:\Program Files\Bandizip\;C:\Program Files\Git\cmd;C:\Program Files\dotnet\;C:\Users\jackj\AppData\Local\Microsoft\WindowsApps;C:\Users\jackj\AppData\Local\GitHubDesktop\bin;C:\Users\jackj\AppData\Local\Programs\MiKTeX\miktex\bin\x64\;C:\Users\jackj\.dotnet\tools;C:\Program Files\Java\jdk-22\bin
JRE paths:	C:\Program Files\Java\jdk-19;C:\Program Files\Common Files\Oracle\Java\javapath;C:\Windows\system32;C:\Windows;C:\Windows\System32\Wbem;C:\Windows\System32\WindowsPowerShell\v1.0\;C:\Windows\System32\OpenSSH\;%JAVA_HOME%\bin;C:\Program Files\Bandizip\;C:\Program Files\Git\cmd;C:\Program Files\dotnet\;C:\Users\jackj\AppData\Local\Microsoft\WindowsApps;C:\Users\jackj\AppData\Local\GitHubDesktop\bin;C:\Users\jackj\AppData\Local\Programs\MiKTeX\miktex\bin\x64\;C:\Users\jackj\.dotnet\tools;C:\Program Files\Java\jdk-22\bin
Check launcher:	C:\Program Files\Java\jdk-19\bin\javaw.exe (not found)
Check launcher:	C:\Program Files\Common Files\Oracle\Java\javapath\bin\javaw.exe (not found)
Check launcher:	C:\Windows\system32\bin\javaw.exe (not found)
Check launcher:	C:\Windows\bin\javaw.exe (not found)
Check launcher:	C:\Windows\System32\Wbem\bin\javaw.exe (not found)
Check launcher:	C:\Windows\System32\WindowsPowerShell\v1.0\bin\javaw.exe (not found)
Check launcher:	C:\Windows\System32\OpenSSH\bin\javaw.exe (not found)
Check launcher:	C:\Users\jackj\UnitySaves\TetriJ\out\artifacts\tetrij_jar\%JAVA_HOME%\bin\javaw.exe (not found)
Check launcher:	C:\Program Files\Bandizip\bin\javaw.exe (not found)
Check launcher:	C:\Program Files\Git\cmd\bin\javaw.exe (not found)
Check launcher:	C:\Program Files\dotnet\bin\javaw.exe (not found)
Check launcher:	C:\Users\jackj\AppData\Local\Microsoft\WindowsApps\bin\javaw.exe (not found)
Check launcher:	C:\Users\jackj\AppData\Local\GitHubDesktop\bin\javaw.exe (not found)
Check launcher:	C:\Users\jackj\AppData\Local\Programs\MiKTeX\miktex\bin\x64\bin\javaw.exe (not found)
Check launcher:	C:\Users\jackj\.dotnet\tools\bin\javaw.exe (not found)
Check launcher:	C:\Program Files\Java\jdk-22\bin\javaw.exe (OK)
Version string: 1.022.000_001 / 64-Bit (OK)
Main class:	com.snust.tetrij.EntryPoint
Add classpath:	.
Launcher:	C:\Program Files\Java\jdk-22\bin\javaw.exe
Launcher args:	-classpath "C:\Users\jackj\UnitySaves\TetriJ\out\artifacts\tetrij_jar\tetrij.exe;." com.snust.tetrij.EntryPoint
Args length:	111/32768 chars
Exit code:	0


Version:	3.50
CmdLine:	C:\Users\jackj\UnitySaves\TetriJ\out\artifacts\tetrij_jar\tetrij.exe --l4j-debug
JNI:		No
WOW64:		Yes
Working dir:	C:\Users\jackj\UnitySaves\TetriJ\out\artifacts\tetrij_jar\.
Requires JDK:	No
Requires 64-Bit: No
Java min ver:	
Java max ver:	
Substitute:	JAVA_HOME = C:\Program Files\Java\jdk-19
Substitute:	PATH = C:\Program Files\Common Files\Oracle\Java\javapath;C:\Windows\system32;C:\Windows;C:\Windows\System32\Wbem;C:\Windows\System32\WindowsPowerShell\v1.0\;C:\Windows\System32\OpenSSH\;%JAVA_HOME%\bin;C:\Program Files\Bandizip\;C:\Program Files\Git\cmd;C:\Program Files\dotnet\;C:\Users\jackj\AppData\Local\Microsoft\WindowsApps;C:\Users\jackj\AppData\Local\GitHubDesktop\bin;C:\Users\jackj\AppData\Local\Programs\MiKTeX\miktex\bin\x64\;C:\Users\jackj\.dotnet\tools;C:\Program Files\Java\jdk-22\bin
JRE paths:	C:\Program Files\Java\jdk-19;C:\Program Files\Common Files\Oracle\Java\javapath;C:\Windows\system32;C:\Windows;C:\Windows\System32\Wbem;C:\Windows\System32\WindowsPowerShell\v1.0\;C:\Windows\System32\OpenSSH\;%JAVA_HOME%\bin;C:\Program Files\Bandizip\;C:\Program Files\Git\cmd;C:\Program Files\dotnet\;C:\Users\jackj\AppData\Local\Microsoft\WindowsApps;C:\Users\jackj\AppData\Local\GitHubDesktop\bin;C:\Users\jackj\AppData\Local\Programs\MiKTeX\miktex\bin\x64\;C:\Users\jackj\.dotnet\tools;C:\Program Files\Java\jdk-22\bin
Check launcher:	C:\Program Files\Java\jdk-19\bin\javaw.exe (not found)
Check launcher:	C:\Program Files\Common Files\Oracle\Java\javapath\bin\javaw.exe (not found)
Check launcher:	C:\Windows\system32\bin\javaw.exe (not found)
Check launcher:	C:\Windows\bin\javaw.exe (not found)
Check launcher:	C:\Windows\System32\Wbem\bin\javaw.exe (not found)
Check launcher:	C:\Windows\System32\WindowsPowerShell\v1.0\bin\javaw.exe (not found)
Check launcher:	C:\Windows\System32\OpenSSH\bin\javaw.exe (not found)
Check launcher:	C:\Users\jackj\UnitySaves\TetriJ\out\artifacts\tetrij_jar\%JAVA_HOME%\bin\javaw.exe (not found)
Check launcher:	C:\Program Files\Bandizip\bin\javaw.exe (not found)
Check launcher:	C:\Program Files\Git\cmd\bin\javaw.exe (not found)
Check launcher:	C:\Program Files\dotnet\bin\javaw.exe (not found)
Check launcher:	C:\Users\jackj\AppData\Local\Microsoft\WindowsApps\bin\javaw.exe (not found)
Check launcher:	C:\Users\jackj\AppData\Local\GitHubDesktop\bin\javaw.exe (not found)
Check launcher:	C:\Users\jackj\AppData\Local\Programs\MiKTeX\miktex\bin\x64\bin\javaw.exe (not found)
Check launcher:	C:\Users\jackj\.dotnet\tools\bin\javaw.exe (not found)
Check launcher:	C:\Program Files\Java\jdk-22\bin\javaw.exe (OK)
Version string: 1.022.000_001 / 64-Bit (OK)
Main class:	com.snust.tetrij.EntryPoint
Add classpath:	.
Launcher:	C:\Program Files\Java\jdk-22\bin\javaw.exe
Launcher args:	-classpath "C:\Users\jackj\UnitySaves\TetriJ\out\artifacts\tetrij_jar\tetrij.exe;." com.snust.tetrij.EntryPoint
Args length:	111/32768 chars
Exit code:	0
