#
# A fatal error has been detected by the Java Runtime Environment:
#
#  EXCEPTION_ACCESS_VIOLATION (0xc0000005) at pc=0x00007fff9b816407, pid=107608, tid=118608
#
# JRE version: OpenJDK Runtime Environment Corretto-20.0.2.10.1 (20.0.2.1+10) (build 20.0.2.1+10-FR)
# Java VM: OpenJDK 64-Bit Server VM Corretto-20.0.2.10.1 (20.0.2.1+10-FR, mixed mode, sharing, tiered, compressed oops, compressed class ptrs, g1 gc, windows-amd64)
# Problematic frame:
# C  [glass.dll+0x26407]
#
# No core dump will be written. Minidumps are not enabled by default on client versions of Windows
#
# If you would like to submit a bug report, please visit:
#   https://github.com/corretto/corretto-20/issues/
#

---------------  S U M M A R Y ------------

Command Line: -javaagent:C:\Users\jackj\IntelliJ IDEA 2023.1.1\lib\idea_rt.jar=58971:C:\Users\jackj\IntelliJ IDEA 2023.1.1\bin -Dfile.encoding=UTF-8 -Dsun.stdout.encoding=UTF-8 -Dsun.stderr.encoding=UTF-8 --module-path=C:\Users\jackj\.m2\repository\com\fasterxml\jackson\core\jackson-annotations\2.12.1\jackson-annotations-2.12.1.jar;C:\Users\jackj\.m2\repository\com\github\almasb\fxgl-gameplay\17.2\fxgl-gameplay-17.2.jar;C:\Users\jackj\.m2\repository\org\openjfx\javafx-fxml\20\javafx-fxml-20-win.jar;C:\Users\jackj\.m2\repository\org\json\json\20210307\json-20210307.jar;C:\Users\jackj\.m2\repository\com\github\almasb\fxgl\17.2\fxgl-17.2.jar;C:\Users\jackj\.m2\repository\org\jetbrains\kotlin\kotlin-stdlib\1.6.0\kotlin-stdlib-1.6.0-modular.jar;C:\Users\jackj\.m2\repository\com\gluonhq\attach\lifecycle\4.0.13\lifecycle-4.0.13.jar;C:\Users\jackj\.m2\repository\com\gluonhq\attach\util\4.0.13\util-4.0.13.jar;C:\Users\jackj\.m2\repository\org\openjfx\javafx-graphics\20\javafx-graphics-20-win.jar;C:\Users\jackj\.m2\repository\com\github\almasb\fxgl-io\17.2\fxgl-io-17.2.jar;C:\Users\jackj\UnitySaves\TetriJ\target\classes;C:\Users\jackj\.m2\repository\org\openjfx\javafx-controls\20\javafx-controls-20-win.jar;C:\Users\jackj\.m2\repository\org\openjfx\javafx-base\20\javafx-base-20-win.jar;C:\Users\jackj\.m2\repository\com\github\almasb\fxgl-scene\17.2\fxgl-scene-17.2.jar;C:\Users\jackj\.m2\repository\com\fasterxml\jackson\core\jackson-core\2.12.1\jackson-core-2.12.1.jar;C:\Users\jackj\.m2\repository\com\fasterxml\jackson\core\jackson-databind\2.12.1\jackson-databind-2.12.1.jar;C:\Users\jackj\.m2\repository\junit\junit\4.13.2\junit-4.13.2.jar;C:\Users\jackj\.m2\repository\com\gluonhq\attach\storage\4.0.13\storage-4.0.13.jar;C:\Users\jackj\.m2\repository\com\gluonhq\attach\audio\4.0.13\audio-4.0.13.jar;C:\Users\jackj\.m2\repository\org\openjfx\javafx-media\20\javafx-media-20-win.jar;C:\Users\jackj\.m2\repository\com\github\almasb\fxgl-core\17.2\fxgl-core-17.2.jar;C:\Users\jackj\.m2\repository\com\github\almasb\fxgl-entity\17.2\fxgl-entity-17.2.jar -Djdk.module.main=com.snust.tetrij com.snust.tetrij/com.snust.tetrij.MainMenu

Host: 12th Gen Intel(R) Core(TM) i7-1260P, 16 cores, 15G,  Windows 11 , 64 bit Build 22621 (10.0.22621.3527)
Time: Mon May 27 18:11:32 2024  Windows 11 , 64 bit Build 22621 (10.0.22621.3527) elapsed time: 13.514342 seconds (0d 0h 0m 13s)

---------------  T H R E A D  ---------------

Current thread (0x000001c25293c600):  VMThread "VM Thread" [stack: 0x0000004758100000,0x0000004758200000] [id=118608]

Stack: [0x0000004758100000,0x0000004758200000],  sp=0x00000047581ff350,  free space=1020k
Native frames: (J=compiled Java code, j=interpreted, Vv=VM code, C=native code)
C  [glass.dll+0x26407]


siginfo: EXCEPTION_ACCESS_VIOLATION (0xc0000005), reading address 0x0000000000000000


Registers:
RAX=0x0000000000000000, RBX=0x000001c252945f68, RCX=0x000001c25293c600, RDX=0x00000047581ff350
RSP=0x00000047581ff350, RBP=0x000001c299d78cd8, RSI=0x00000047581ff458, RDI=0x000001c299d78cb0
R8 =0x0000000000010002, R9 =0x000001c299d78cb0, R10=0x85f13e9656da4870, R11=0x00000047581ff2e0
R12=0x00007fff9b813d40, R13=0x00007fff62fd6050, R14=0x000039df5c7fbd8d, R15=0x000001c299d78cb0
RIP=0x00007fff9b816407, EFLAGS=0x0000000000010206


Register to memory mapping:

RIP=0x00007fff9b816407 glass.dll
RAX=0x0 is NULL
RBX=0x000001c252945f68 is a global jni handle
RCX=0x000001c25293c600 points into unknown readable memory: 0x00007fff62dec760 | 60 c7 de 62 ff 7f 00 00
RDX=0x00000047581ff350 points into unknown readable memory: 0x0000000000000000 | 00 00 00 00 00 00 00 00
RSP=0x00000047581ff350 points into unknown readable memory: 0x0000000000000000 | 00 00 00 00 00 00 00 00
RBP=0x000001c299d78cd8 points into unknown readable memory: 0x000039df5c7fbd8d | 8d bd 7f 5c df 39 00 00
RSI=0x00000047581ff458 points into unknown readable memory: 0x00000047581ff440 | 40 f4 1f 58 47 00 00 00
RDI=0x000001c299d78cb0 points into unknown readable memory: 0x0fffcaaf7b74bd8d | 8d bd 74 7b af ca ff 0f
R8 =0x0000000000010002 is an unknown value
R9 =0x000001c299d78cb0 points into unknown readable memory: 0x0fffcaaf7b74bd8d | 8d bd 74 7b af ca ff 0f
R10=0x85f13e9656da4870 is an unknown value
R11=0x00000047581ff2e0 points into unknown readable memory: 0x000001c299d78cb0 | b0 8c d7 99 c2 01 00 00
R12=0x00007fff9b813d40 glass.dll
R13=0x00007fff62fd6050 jvm.dll
R14=0x000039df5c7fbd8d is an unknown value
R15=0x000001c299d78cb0 points into unknown readable memory: 0x0fffcaaf7b74bd8d | 8d bd 74 7b af ca ff 0f


Top of Stack: (sp=0x00000047581ff350)
0x00000047581ff350:   0000000000000000 00000047581ff458
0x00000047581ff360:   00007fff62fd6050 00007fff9b813d40
0x00000047581ff370:   000001c299d78cb8 00007ffff3bb3a93
0x00000047581ff380:   000001c299d78cb0 000001c200000000
0x00000047581ff390:   000001c299d78cd8 00000047581ff458
0x00000047581ff3a0:   fffffffffffffffe 0000000000000000
0x00000047581ff3b0:   0000000000000001 00007fff9b7f0000
0x00000047581ff3c0:   00000047581ff448 00007ffff3b8042e
0x00000047581ff3d0:   0000000000000000 00000047581ff458
0x00000047581ff3e0:   00000047581ff740 0000000000000001
0x00000047581ff3f0:   0000000000000001 00007ffff3b7dddd
0x00000047581ff400:   0000000000000000 00007fff9b813539
0x00000047581ff410:   00007fffee775ef0 00000047581ff448
0x00000047581ff420:   fffffffffffffffe 00000047581ff410
0x00000047581ff430:   0000000000000000 00007fff9b813bcd
0x00000047581ff440:   00007fff9b829f88 00007fff00000002
0x00000047581ff450:   0000000000000002 00000047581ff440
0x00000047581ff460:   0000000000000000 00007ffff61f8603
0x00000047581ff470:   0000000000000000 00007fff9b813cf2
0x00000047581ff480:   0000000000000001 0000000000000001
0x00000047581ff490:   0000000000000001 0000000000000001
0x00000047581ff4a0:   000001c2310e0bb8 00007ffff2c02223
0x00000047581ff4b0:   000001c200000001 0000000000000016
0x00000047581ff4c0:   00007fff9b7f0000 000000007ffe0384
0x00000047581ff4d0:   0000000000000000 00007ffff61f869f
0x00000047581ff4e0:   00007fff9b7f0000 0000000000000000
0x00000047581ff4f0:   0000000000000001 000000007ffe0385
0x00000047581ff500:   0000000000000000 00007ffff62212e9
0x00000047581ff510:   00009f36deb8eb00 0000000000000014
0x00000047581ff520:   00007fff9b813d40 0000000000000000
0x00000047581ff530:   0000000000000000 000000475772d000
0x00000047581ff540:   000001c29977a420 00007ffff62210a6 

Instructions: (pc=0x00007fff9b816407)
0x00007fff9b816307:   8b 4d 58 e8 7d cf ff ff 48 8b 4d 60 e8 74 cf ff
0x00007fff9b816317:   ff 48 8b 95 80 00 00 00 48 8b 8d 18 01 00 00 e8
0x00007fff9b816327:   66 c4 ff ff 33 d2 33 c9 e8 bc e1 ff ff 90 48 89
0x00007fff9b816337:   54 24 10 55 48 83 ec 20 48 8b ea 48 b8 00 00 00
0x00007fff9b816347:   00 00 00 00 00 48 83 c4 20 5d c3 cc 40 55 48 8b
0x00007fff9b816357:   ea 48 8b 01 33 c9 81 38 05 00 00 c0 0f 94 c1 8b
0x00007fff9b816367:   c1 5d c3 cc 40 55 48 83 ec 20 48 8b ea 8a 4d 40
0x00007fff9b816377:   48 83 c4 20 5d e9 63 d3 ff ff cc 40 55 48 83 ec
0x00007fff9b816387:   20 48 8b ea 8a 4d 20 e8 51 d3 ff ff 90 48 83 c4
0x00007fff9b816397:   20 5d c3 cc 40 55 48 83 ec 20 48 8b ea 48 83 c4
0x00007fff9b8163a7:   20 5d e9 b2 d1 ff ff cc 40 55 48 83 ec 30 48 8b
0x00007fff9b8163b7:   ea 48 8b 01 8b 10 48 89 4c 24 28 89 54 24 20 4c
0x00007fff9b8163c7:   8d 0d 53 d6 ff ff 4c 8b 45 70 8b 55 68 48 8b 4d
0x00007fff9b8163d7:   60 e8 f3 d0 ff ff 90 48 83 c4 30 5d c3 cc cc cc
0x00007fff9b8163e7:   cc cc cc cc cc cc cc cc cc 40 53 48 83 ec 20 48
0x00007fff9b8163f7:   8b 1d 8b 35 01 00 48 85 db 74 16 e8 79 8b ff ff
0x00007fff9b816407:   4c 8b 00 48 8b d3 48 8b c8 41 ff 90 b0 00 00 00
0x00007fff9b816417:   90 48 83 c4 20 5b c3 cc cc 40 53 48 83 ec 20 48
0x00007fff9b816427:   8b 1d fb 36 01 00 48 85 db 74 57 b8 ff ff ff ff
0x00007fff9b816437:   f0 0f c1 43 10 83 f8 01 75 3d 48 85 db 74 38 48
0x00007fff9b816447:   8b 0b 48 85 c9 74 0d ff 15 54 0e 00 00 48 c7 03
0x00007fff9b816457:   00 00 00 00 48 8b 4b 08 48 85 c9 74 0d e8 23 ce
0x00007fff9b816467:   ff ff 48 c7 43 08 00 00 00 00 ba 18 00 00 00 48
0x00007fff9b816477:   8b cb e8 0e ce ff ff 48 c7 05 9f 36 01 00 00 00
0x00007fff9b816487:   00 00 48 83 c4 20 5b c3 cc 40 53 48 83 ec 20 48
0x00007fff9b816497:   8b 1d 6b 36 01 00 48 85 db 74 57 b8 ff ff ff ff
0x00007fff9b8164a7:   f0 0f c1 43 10 83 f8 01 75 3d 48 85 db 74 38 48
0x00007fff9b8164b7:   8b 0b 48 85 c9 74 0d ff 15 e4 0d 00 00 48 c7 03
0x00007fff9b8164c7:   00 00 00 00 48 8b 4b 08 48 85 c9 74 0d e8 b3 cd
0x00007fff9b8164d7:   ff ff 48 c7 43 08 00 00 00 00 ba 18 00 00 00 48
0x00007fff9b8164e7:   8b cb e8 9e cd ff ff 48 c7 05 0f 36 01 00 00 00
0x00007fff9b8164f7:   00 00 48 83 c4 20 5b c3 cc 40 53 48 83 ec 20 48 


Stack slot to memory mapping:
stack at sp + 0 slots: 0x0 is NULL
stack at sp + 1 slots: 0x00000047581ff458 points into unknown readable memory: 0x00000047581ff440 | 40 f4 1f 58 47 00 00 00
stack at sp + 2 slots: 0x00007fff62fd6050 jvm.dll
stack at sp + 3 slots: 0x00007fff9b813d40 glass.dll
stack at sp + 4 slots: 0x000001c299d78cb8 points into unknown readable memory: 0x000039df5c7fbd8d | 8d bd 7f 5c df 39 00 00
stack at sp + 5 slots: 0x00007ffff3bb3a93 ucrtbase.dll
stack at sp + 6 slots: 0x000001c299d78cb0 points into unknown readable memory: 0x0fffcaaf7b74bd8d | 8d bd 74 7b af ca ff 0f
stack at sp + 7 slots: 0x000001c200000000 is an unknown value

VM_Operation (0x0000004758aff330): Exit, mode: safepoint, requested by thread 0x000001c29a16a040


---------------  P R O C E S S  ---------------

Threads class SMR info:
_java_thread_list=0x000001c2a37454f0, length=20, elements={
0x000001c233285d20, 0x000001c252956570, 0x000001c252957170, 0x000001c25295c590,
0x000001c25295ced0, 0x000001c25295d810, 0x000001c25295e9c0, 0x000001c298800bf0,
0x000001c252926540, 0x000001c29901a0c0, 0x000001c298fa68c0, 0x000001c299958a60,
0x000001c299ea98e0, 0x000001c299e99690, 0x000001c29a076ed0, 0x000001c29a077420,
0x000001c29a168060, 0x000001c29a1675c0, 0x000001c29a1685b0, 0x000001c29a16a040
}

Java Threads: ( => current thread )
  0x000001c233285d20 JavaThread "main" [_thread_blocked, id=83164, stack(0x0000004757b00000,0x0000004757c00000)]
  0x000001c252956570 JavaThread "Reference Handler" daemon [_thread_blocked, id=114492, stack(0x0000004758200000,0x0000004758300000)]
  0x000001c252957170 JavaThread "Finalizer" daemon [_thread_blocked, id=116464, stack(0x0000004758300000,0x0000004758400000)]
  0x000001c25295c590 JavaThread "Attach Listener" daemon [_thread_blocked, id=118092, stack(0x0000004758500000,0x0000004758600000)]
  0x000001c25295ced0 JavaThread "Service Thread" daemon [_thread_blocked, id=113016, stack(0x0000004758600000,0x0000004758700000)]
  0x000001c25295d810 JavaThread "Monitor Deflation Thread" daemon [_thread_blocked, id=96336, stack(0x0000004758700000,0x0000004758800000)]
  0x000001c25295e9c0 JavaThread "C2 CompilerThread0" daemon [_thread_blocked, id=117780, stack(0x0000004758800000,0x0000004758900000)]
  0x000001c298800bf0 JavaThread "C1 CompilerThread0" daemon [_thread_blocked, id=119300, stack(0x0000004758900000,0x0000004758a00000)]
  0x000001c252926540 JavaThread "Common-Cleaner" daemon [_thread_blocked, id=118100, stack(0x0000004758c00000,0x0000004758d00000)]
  0x000001c29901a0c0 JavaThread "Monitor Ctrl-Break" daemon [_thread_in_native, id=65608, stack(0x0000004759500000,0x0000004759600000)]
  0x000001c298fa68c0 JavaThread "Notification Thread" daemon [_thread_blocked, id=119516, stack(0x0000004759600000,0x0000004759700000)]
  0x000001c299958a60 JavaThread "QuantumRenderer-0" daemon [_thread_blocked, id=119316, stack(0x0000004759800000,0x0000004759900000)]
  0x000001c299ea98e0 JavaThread "InvokeLaterDispatcher" daemon [_thread_blocked, id=80792, stack(0x0000004759300000,0x0000004759400000)]
  0x000001c299e99690 JavaThread "JavaFX Application Thread" [_thread_blocked, id=103964, stack(0x0000004759400000,0x0000004759500000)]
  0x000001c29a076ed0 JavaThread "Thread-1" daemon [_thread_in_native, id=109564, stack(0x0000004759e00000,0x0000004759f00000)]
  0x000001c29a077420 JavaThread "JavaFX-Launcher" [_thread_blocked, id=117808, stack(0x0000004759f00000,0x000000475a000000)]
  0x000001c29a168060 JavaThread "Prism Font Disposer" daemon [_thread_blocked, id=116988, stack(0x000000475a000000,0x000000475a100000)]
  0x000001c29a1675c0 JavaThread "Cleaner-0" daemon [_thread_blocked, id=118896, stack(0x000000475a300000,0x000000475a400000)]
  0x000001c29a1685b0 JavaThread "Single Play" [_thread_blocked, id=62708, stack(0x000000475af00000,0x000000475b000000)]
  0x000001c29a16a040 JavaThread "SIGINT handler" daemon [_thread_blocked, id=105868, stack(0x0000004758a00000,0x0000004758b00000)]

Other Threads:
=>0x000001c25293c600 VMThread "VM Thread" [stack: 0x0000004758100000,0x0000004758200000] [id=118608]
  0x000001c2332f7a20 WorkerThread "GC Thread#0" [stack: 0x0000004757c00000,0x0000004757d00000] [id=96040]
  0x000001c298987ea0 WorkerThread "GC Thread#1" [stack: 0x0000004758e00000,0x0000004758f00000] [id=119720]
  0x000001c2989889e0 WorkerThread "GC Thread#2" [stack: 0x0000004759000000,0x0000004759100000] [id=98220]
  0x000001c298988170 WorkerThread "GC Thread#3" [stack: 0x0000004759100000,0x0000004759200000] [id=117364]
  0x000001c2989897f0 WorkerThread "GC Thread#4" [stack: 0x0000004759200000,0x0000004759300000] [id=118780]
  0x000001c298989250 WorkerThread "GC Thread#5" [stack: 0x0000004759d00000,0x0000004759e00000] [id=110080]
  0x000001c29a3ba8a0 WorkerThread "GC Thread#6" [stack: 0x000000475a200000,0x000000475a300000] [id=103528]
  0x000001c29a3ba030 WorkerThread "GC Thread#7" [stack: 0x000000475a400000,0x000000475a500000] [id=104212]
  0x000001c29a3b9220 WorkerThread "GC Thread#8" [stack: 0x000000475a800000,0x000000475a900000] [id=108932]
  0x000001c29a3b8140 WorkerThread "GC Thread#9" [stack: 0x000000475a900000,0x000000475aa00000] [id=86776]
  0x000001c29a3b7ba0 WorkerThread "GC Thread#10" [stack: 0x000000475aa00000,0x000000475ab00000] [id=116272]
  0x000001c29a3b9a90 WorkerThread "GC Thread#11" [stack: 0x000000475ab00000,0x000000475ac00000] [id=113604]
  0x000001c29a3b8410 WorkerThread "GC Thread#12" [stack: 0x000000475ac00000,0x000000475ad00000] [id=96120]
  0x000001c233307bb0 ConcurrentGCThread "G1 Main Marker" terminated
  0x000001c2311ccc90 WorkerThread "G1 Conc#0" [stack: 0x0000004757e00000,0x0000004757f00000] [id=119004]
  0x000001c2527fc430 ConcurrentGCThread "G1 Refine#0" terminated
  0x000001c2527fcb80 ConcurrentGCThread "G1 Service" terminated

Threads with active compile tasks:

VM state: at safepoint (shutting down)

VM Mutex/Monitor currently owned by a thread:  ([mutex/lock_event])
[0x000001c233284630] Threads_lock - owner thread: 0x000001c25293c600
[0x000001c2332835e0] Heap_lock - owner thread: 0x000001c29a16a040

Heap address: 0x0000000706000000, size: 4000 MB, Compressed Oops mode: Zero based, Oop shift amount: 3

CDS archive(s) mapped at: [0x000001c253800000-0x000001c254460000-0x000001c254460000), size 12976128, SharedBaseAddress: 0x000001c253800000, ArchiveRelocationMode: 1.
Compressed class space mapped at: 0x000001c254800000-0x000001c294800000, reserved size: 1073741824
Narrow klass base: 0x000001c253800000, Narrow klass shift: 0, Narrow klass range: 0x100000000

GC Precious Log:
 CardTable entry size: 512
 Card Set container configuration: InlinePtr #cards 4 size 8 Array Of Cards #cards 16 size 48 Howl #buckets 8 coarsen threshold 3686 Howl Bitmap #cards 512 size 80 coarsen threshold 460 Card regions per heap region 1 cards per card region 4096
 CPUs: 16 total, 16 available
 Memory: 15997M
 Large Page Support: Disabled
 NUMA Support: Disabled
 Compressed Oops: Enabled (Zero based)
 Heap Region Size: 2M
 Heap Min Capacity: 8M
 Heap Initial Capacity: 250M
 Heap Max Capacity: 4000M
 Pre-touch: Disabled
 Parallel Workers: 13
 Concurrent Workers: 3
 Concurrent Refinement Workers: 13
 Periodic GC: Disabled

Heap:
 garbage-first heap   total 256000K, used 20427K [0x0000000706000000, 0x0000000800000000)
  region size 2048K, 9 young (18432K), 3 survivors (6144K)
 Metaspace       used 15496K, committed 15872K, reserved 1114112K
  class space    used 1954K, committed 2112K, reserved 1048576K

Heap Regions: E=young(eden), S=young(survivor), O=old, HS=humongous(starts), HC=humongous(continues), CS=collection set, F=free, OA=open archive, CA=closed archive, TAMS=top-at-mark-start, PB=parsable bottom
|   0|0x0000000706000000, 0x0000000706200000, 0x0000000706200000|100%|HS|  |TAMS 0x0000000706000000| PB 0x0000000706000000| Complete 
|   1|0x0000000706200000, 0x00000007063f2c00, 0x0000000706400000| 97%| O|  |TAMS 0x0000000706200000| PB 0x0000000706200000| Untracked 
|   2|0x0000000706400000, 0x0000000706400000, 0x0000000706600000|  0%| F|  |TAMS 0x0000000706400000| PB 0x0000000706400000| Untracked 
|   3|0x0000000706600000, 0x0000000706600000, 0x0000000706800000|  0%| F|  |TAMS 0x0000000706600000| PB 0x0000000706600000| Untracked 
|   4|0x0000000706800000, 0x0000000706800000, 0x0000000706a00000|  0%| F|  |TAMS 0x0000000706800000| PB 0x0000000706800000| Untracked 
|   5|0x0000000706a00000, 0x0000000706a00000, 0x0000000706c00000|  0%| F|  |TAMS 0x0000000706a00000| PB 0x0000000706a00000| Untracked 
|   6|0x0000000706c00000, 0x0000000706c00000, 0x0000000706e00000|  0%| F|  |TAMS 0x0000000706c00000| PB 0x0000000706c00000| Untracked 
|   7|0x0000000706e00000, 0x0000000706e00000, 0x0000000707000000|  0%| F|  |TAMS 0x0000000706e00000| PB 0x0000000706e00000| Untracked 
|   8|0x0000000707000000, 0x0000000707000000, 0x0000000707200000|  0%| F|  |TAMS 0x0000000707000000| PB 0x0000000707000000| Untracked 
|   9|0x0000000707200000, 0x0000000707200000, 0x0000000707400000|  0%| F|  |TAMS 0x0000000707200000| PB 0x0000000707200000| Untracked 
|  10|0x0000000707400000, 0x0000000707400000, 0x0000000707600000|  0%| F|  |TAMS 0x0000000707400000| PB 0x0000000707400000| Untracked 
|  11|0x0000000707600000, 0x0000000707600000, 0x0000000707800000|  0%| F|  |TAMS 0x0000000707600000| PB 0x0000000707600000| Untracked 
|  12|0x0000000707800000, 0x0000000707800000, 0x0000000707a00000|  0%| F|  |TAMS 0x0000000707800000| PB 0x0000000707800000| Untracked 
|  13|0x0000000707a00000, 0x0000000707a00000, 0x0000000707c00000|  0%| F|  |TAMS 0x0000000707a00000| PB 0x0000000707a00000| Untracked 
|  14|0x0000000707c00000, 0x0000000707c00000, 0x0000000707e00000|  0%| F|  |TAMS 0x0000000707c00000| PB 0x0000000707c00000| Untracked 
|  15|0x0000000707e00000, 0x0000000707e00000, 0x0000000708000000|  0%| F|  |TAMS 0x0000000707e00000| PB 0x0000000707e00000| Untracked 
|  16|0x0000000708000000, 0x0000000708000000, 0x0000000708200000|  0%| F|  |TAMS 0x0000000708000000| PB 0x0000000708000000| Untracked 
|  17|0x0000000708200000, 0x0000000708200000, 0x0000000708400000|  0%| F|  |TAMS 0x0000000708200000| PB 0x0000000708200000| Untracked 
|  18|0x0000000708400000, 0x0000000708400000, 0x0000000708600000|  0%| F|  |TAMS 0x0000000708400000| PB 0x0000000708400000| Untracked 
|  19|0x0000000708600000, 0x0000000708600000, 0x0000000708800000|  0%| F|  |TAMS 0x0000000708600000| PB 0x0000000708600000| Untracked 
|  20|0x0000000708800000, 0x0000000708800000, 0x0000000708a00000|  0%| F|  |TAMS 0x0000000708800000| PB 0x0000000708800000| Untracked 
|  21|0x0000000708a00000, 0x0000000708a00000, 0x0000000708c00000|  0%| F|  |TAMS 0x0000000708a00000| PB 0x0000000708a00000| Untracked 
|  22|0x0000000708c00000, 0x0000000708c00000, 0x0000000708e00000|  0%| F|  |TAMS 0x0000000708c00000| PB 0x0000000708c00000| Untracked 
|  23|0x0000000708e00000, 0x0000000708e00000, 0x0000000709000000|  0%| F|  |TAMS 0x0000000708e00000| PB 0x0000000708e00000| Untracked 
|  24|0x0000000709000000, 0x0000000709000000, 0x0000000709200000|  0%| F|  |TAMS 0x0000000709000000| PB 0x0000000709000000| Untracked 
|  25|0x0000000709200000, 0x0000000709200000, 0x0000000709400000|  0%| F|  |TAMS 0x0000000709200000| PB 0x0000000709200000| Untracked 
|  26|0x0000000709400000, 0x0000000709400000, 0x0000000709600000|  0%| F|  |TAMS 0x0000000709400000| PB 0x0000000709400000| Untracked 
|  27|0x0000000709600000, 0x0000000709600000, 0x0000000709800000|  0%| F|  |TAMS 0x0000000709600000| PB 0x0000000709600000| Untracked 
|  28|0x0000000709800000, 0x0000000709800000, 0x0000000709a00000|  0%| F|  |TAMS 0x0000000709800000| PB 0x0000000709800000| Untracked 
|  29|0x0000000709a00000, 0x0000000709a00000, 0x0000000709c00000|  0%| F|  |TAMS 0x0000000709a00000| PB 0x0000000709a00000| Untracked 
|  30|0x0000000709c00000, 0x0000000709c00000, 0x0000000709e00000|  0%| F|  |TAMS 0x0000000709c00000| PB 0x0000000709c00000| Untracked 
|  31|0x0000000709e00000, 0x0000000709e00000, 0x000000070a000000|  0%| F|  |TAMS 0x0000000709e00000| PB 0x0000000709e00000| Untracked 
|  32|0x000000070a000000, 0x000000070a000000, 0x000000070a200000|  0%| F|  |TAMS 0x000000070a000000| PB 0x000000070a000000| Untracked 
|  33|0x000000070a200000, 0x000000070a200000, 0x000000070a400000|  0%| F|  |TAMS 0x000000070a200000| PB 0x000000070a200000| Untracked 
|  34|0x000000070a400000, 0x000000070a400000, 0x000000070a600000|  0%| F|  |TAMS 0x000000070a400000| PB 0x000000070a400000| Untracked 
|  35|0x000000070a600000, 0x000000070a600000, 0x000000070a800000|  0%| F|  |TAMS 0x000000070a600000| PB 0x000000070a600000| Untracked 
|  36|0x000000070a800000, 0x000000070a800000, 0x000000070aa00000|  0%| F|  |TAMS 0x000000070a800000| PB 0x000000070a800000| Untracked 
|  37|0x000000070aa00000, 0x000000070aa00000, 0x000000070ac00000|  0%| F|  |TAMS 0x000000070aa00000| PB 0x000000070aa00000| Untracked 
|  38|0x000000070ac00000, 0x000000070ac00000, 0x000000070ae00000|  0%| F|  |TAMS 0x000000070ac00000| PB 0x000000070ac00000| Untracked 
|  39|0x000000070ae00000, 0x000000070ae00000, 0x000000070b000000|  0%| F|  |TAMS 0x000000070ae00000| PB 0x000000070ae00000| Untracked 
|  40|0x000000070b000000, 0x000000070b000000, 0x000000070b200000|  0%| F|  |TAMS 0x000000070b000000| PB 0x000000070b000000| Untracked 
|  41|0x000000070b200000, 0x000000070b200000, 0x000000070b400000|  0%| F|  |TAMS 0x000000070b200000| PB 0x000000070b200000| Untracked 
|  42|0x000000070b400000, 0x000000070b400000, 0x000000070b600000|  0%| F|  |TAMS 0x000000070b400000| PB 0x000000070b400000| Untracked 
|  43|0x000000070b600000, 0x000000070b600000, 0x000000070b800000|  0%| F|  |TAMS 0x000000070b600000| PB 0x000000070b600000| Untracked 
|  44|0x000000070b800000, 0x000000070b800000, 0x000000070ba00000|  0%| F|  |TAMS 0x000000070b800000| PB 0x000000070b800000| Untracked 
|  45|0x000000070ba00000, 0x000000070ba00000, 0x000000070bc00000|  0%| F|  |TAMS 0x000000070ba00000| PB 0x000000070ba00000| Untracked 
|  46|0x000000070bc00000, 0x000000070bc00000, 0x000000070be00000|  0%| F|  |TAMS 0x000000070bc00000| PB 0x000000070bc00000| Untracked 
|  47|0x000000070be00000, 0x000000070be00000, 0x000000070c000000|  0%| F|  |TAMS 0x000000070be00000| PB 0x000000070be00000| Untracked 
|  48|0x000000070c000000, 0x000000070c000000, 0x000000070c200000|  0%| F|  |TAMS 0x000000070c000000| PB 0x000000070c000000| Untracked 
|  49|0x000000070c200000, 0x000000070c200000, 0x000000070c400000|  0%| F|  |TAMS 0x000000070c200000| PB 0x000000070c200000| Untracked 
|  50|0x000000070c400000, 0x000000070c400000, 0x000000070c600000|  0%| F|  |TAMS 0x000000070c400000| PB 0x000000070c400000| Untracked 
|  51|0x000000070c600000, 0x000000070c600000, 0x000000070c800000|  0%| F|  |TAMS 0x000000070c600000| PB 0x000000070c600000| Untracked 
|  52|0x000000070c800000, 0x000000070c800000, 0x000000070ca00000|  0%| F|  |TAMS 0x000000070c800000| PB 0x000000070c800000| Untracked 
|  53|0x000000070ca00000, 0x000000070ca00000, 0x000000070cc00000|  0%| F|  |TAMS 0x000000070ca00000| PB 0x000000070ca00000| Untracked 
|  54|0x000000070cc00000, 0x000000070cc00000, 0x000000070ce00000|  0%| F|  |TAMS 0x000000070cc00000| PB 0x000000070cc00000| Untracked 
|  55|0x000000070ce00000, 0x000000070ce00000, 0x000000070d000000|  0%| F|  |TAMS 0x000000070ce00000| PB 0x000000070ce00000| Untracked 
|  56|0x000000070d000000, 0x000000070d000000, 0x000000070d200000|  0%| F|  |TAMS 0x000000070d000000| PB 0x000000070d000000| Untracked 
|  57|0x000000070d200000, 0x000000070d200000, 0x000000070d400000|  0%| F|  |TAMS 0x000000070d200000| PB 0x000000070d200000| Untracked 
|  58|0x000000070d400000, 0x000000070d400000, 0x000000070d600000|  0%| F|  |TAMS 0x000000070d400000| PB 0x000000070d400000| Untracked 
|  59|0x000000070d600000, 0x000000070d600000, 0x000000070d800000|  0%| F|  |TAMS 0x000000070d600000| PB 0x000000070d600000| Untracked 
|  60|0x000000070d800000, 0x000000070d800000, 0x000000070da00000|  0%| F|  |TAMS 0x000000070d800000| PB 0x000000070d800000| Untracked 
|  61|0x000000070da00000, 0x000000070da00000, 0x000000070dc00000|  0%| F|  |TAMS 0x000000070da00000| PB 0x000000070da00000| Untracked 
|  62|0x000000070dc00000, 0x000000070dc00000, 0x000000070de00000|  0%| F|  |TAMS 0x000000070dc00000| PB 0x000000070dc00000| Untracked 
|  63|0x000000070de00000, 0x000000070de00000, 0x000000070e000000|  0%| F|  |TAMS 0x000000070de00000| PB 0x000000070de00000| Untracked 
|  64|0x000000070e000000, 0x000000070e000000, 0x000000070e200000|  0%| F|  |TAMS 0x000000070e000000| PB 0x000000070e000000| Untracked 
|  65|0x000000070e200000, 0x000000070e200000, 0x000000070e400000|  0%| F|  |TAMS 0x000000070e200000| PB 0x000000070e200000| Untracked 
|  66|0x000000070e400000, 0x000000070e400000, 0x000000070e600000|  0%| F|  |TAMS 0x000000070e400000| PB 0x000000070e400000| Untracked 
|  67|0x000000070e600000, 0x000000070e600000, 0x000000070e800000|  0%| F|  |TAMS 0x000000070e600000| PB 0x000000070e600000| Untracked 
|  68|0x000000070e800000, 0x000000070e800000, 0x000000070ea00000|  0%| F|  |TAMS 0x000000070e800000| PB 0x000000070e800000| Untracked 
|  69|0x000000070ea00000, 0x000000070ea00000, 0x000000070ec00000|  0%| F|  |TAMS 0x000000070ea00000| PB 0x000000070ea00000| Untracked 
|  70|0x000000070ec00000, 0x000000070ec00000, 0x000000070ee00000|  0%| F|  |TAMS 0x000000070ec00000| PB 0x000000070ec00000| Untracked 
|  71|0x000000070ee00000, 0x000000070ee00000, 0x000000070f000000|  0%| F|  |TAMS 0x000000070ee00000| PB 0x000000070ee00000| Untracked 
|  72|0x000000070f000000, 0x000000070f000000, 0x000000070f200000|  0%| F|  |TAMS 0x000000070f000000| PB 0x000000070f000000| Untracked 
|  73|0x000000070f200000, 0x000000070f200000, 0x000000070f400000|  0%| F|  |TAMS 0x000000070f200000| PB 0x000000070f200000| Untracked 
|  74|0x000000070f400000, 0x000000070f400000, 0x000000070f600000|  0%| F|  |TAMS 0x000000070f400000| PB 0x000000070f400000| Untracked 
|  75|0x000000070f600000, 0x000000070f600000, 0x000000070f800000|  0%| F|  |TAMS 0x000000070f600000| PB 0x000000070f600000| Untracked 
|  76|0x000000070f800000, 0x000000070f800000, 0x000000070fa00000|  0%| F|  |TAMS 0x000000070f800000| PB 0x000000070f800000| Untracked 
|  77|0x000000070fa00000, 0x000000070fa00000, 0x000000070fc00000|  0%| F|  |TAMS 0x000000070fa00000| PB 0x000000070fa00000| Untracked 
|  78|0x000000070fc00000, 0x000000070fc00000, 0x000000070fe00000|  0%| F|  |TAMS 0x000000070fc00000| PB 0x000000070fc00000| Untracked 
|  79|0x000000070fe00000, 0x000000070fe00000, 0x0000000710000000|  0%| F|  |TAMS 0x000000070fe00000| PB 0x000000070fe00000| Untracked 
|  80|0x0000000710000000, 0x0000000710000000, 0x0000000710200000|  0%| F|  |TAMS 0x0000000710000000| PB 0x0000000710000000| Untracked 
|  81|0x0000000710200000, 0x0000000710200000, 0x0000000710400000|  0%| F|  |TAMS 0x0000000710200000| PB 0x0000000710200000| Untracked 
|  82|0x0000000710400000, 0x0000000710400000, 0x0000000710600000|  0%| F|  |TAMS 0x0000000710400000| PB 0x0000000710400000| Untracked 
|  83|0x0000000710600000, 0x0000000710600000, 0x0000000710800000|  0%| F|  |TAMS 0x0000000710600000| PB 0x0000000710600000| Untracked 
|  84|0x0000000710800000, 0x0000000710800000, 0x0000000710a00000|  0%| F|  |TAMS 0x0000000710800000| PB 0x0000000710800000| Untracked 
|  85|0x0000000710a00000, 0x0000000710a00000, 0x0000000710c00000|  0%| F|  |TAMS 0x0000000710a00000| PB 0x0000000710a00000| Untracked 
|  86|0x0000000710c00000, 0x0000000710c00000, 0x0000000710e00000|  0%| F|  |TAMS 0x0000000710c00000| PB 0x0000000710c00000| Untracked 
|  87|0x0000000710e00000, 0x0000000710e00000, 0x0000000711000000|  0%| F|  |TAMS 0x0000000710e00000| PB 0x0000000710e00000| Untracked 
|  88|0x0000000711000000, 0x0000000711000000, 0x0000000711200000|  0%| F|  |TAMS 0x0000000711000000| PB 0x0000000711000000| Untracked 
|  89|0x0000000711200000, 0x0000000711200000, 0x0000000711400000|  0%| F|  |TAMS 0x0000000711200000| PB 0x0000000711200000| Untracked 
|  90|0x0000000711400000, 0x0000000711400000, 0x0000000711600000|  0%| F|  |TAMS 0x0000000711400000| PB 0x0000000711400000| Untracked 
|  91|0x0000000711600000, 0x0000000711600000, 0x0000000711800000|  0%| F|  |TAMS 0x0000000711600000| PB 0x0000000711600000| Untracked 
|  92|0x0000000711800000, 0x0000000711800000, 0x0000000711a00000|  0%| F|  |TAMS 0x0000000711800000| PB 0x0000000711800000| Untracked 
|  93|0x0000000711a00000, 0x0000000711a00000, 0x0000000711c00000|  0%| F|  |TAMS 0x0000000711a00000| PB 0x0000000711a00000| Untracked 
|  94|0x0000000711c00000, 0x0000000711c00000, 0x0000000711e00000|  0%| F|  |TAMS 0x0000000711c00000| PB 0x0000000711c00000| Untracked 
|  95|0x0000000711e00000, 0x0000000711e00000, 0x0000000712000000|  0%| F|  |TAMS 0x0000000711e00000| PB 0x0000000711e00000| Untracked 
|  96|0x0000000712000000, 0x0000000712000000, 0x0000000712200000|  0%| F|  |TAMS 0x0000000712000000| PB 0x0000000712000000| Untracked 
|  97|0x0000000712200000, 0x0000000712200000, 0x0000000712400000|  0%| F|  |TAMS 0x0000000712200000| PB 0x0000000712200000| Untracked 
|  98|0x0000000712400000, 0x0000000712400000, 0x0000000712600000|  0%| F|  |TAMS 0x0000000712400000| PB 0x0000000712400000| Untracked 
|  99|0x0000000712600000, 0x0000000712600000, 0x0000000712800000|  0%| F|  |TAMS 0x0000000712600000| PB 0x0000000712600000| Untracked 
| 100|0x0000000712800000, 0x0000000712800000, 0x0000000712a00000|  0%| F|  |TAMS 0x0000000712800000| PB 0x0000000712800000| Untracked 
| 101|0x0000000712a00000, 0x0000000712a00000, 0x0000000712c00000|  0%| F|  |TAMS 0x0000000712a00000| PB 0x0000000712a00000| Untracked 
| 102|0x0000000712c00000, 0x0000000712c00000, 0x0000000712e00000|  0%| F|  |TAMS 0x0000000712c00000| PB 0x0000000712c00000| Untracked 
| 103|0x0000000712e00000, 0x0000000713000000, 0x0000000713000000|100%| S|CS|TAMS 0x0000000712e00000| PB 0x0000000712e00000| Complete 
| 104|0x0000000713000000, 0x0000000713200000, 0x0000000713200000|100%| S|CS|TAMS 0x0000000713000000| PB 0x0000000713000000| Complete 
| 105|0x0000000713200000, 0x0000000713400000, 0x0000000713400000|100%| S|CS|TAMS 0x0000000713200000| PB 0x0000000713200000| Complete 
| 106|0x0000000713400000, 0x0000000713400000, 0x0000000713600000|  0%| F|  |TAMS 0x0000000713400000| PB 0x0000000713400000| Untracked 
| 107|0x0000000713600000, 0x0000000713600000, 0x0000000713800000|  0%| F|  |TAMS 0x0000000713600000| PB 0x0000000713600000| Untracked 
| 108|0x0000000713800000, 0x0000000713800000, 0x0000000713a00000|  0%| F|  |TAMS 0x0000000713800000| PB 0x0000000713800000| Untracked 
| 109|0x0000000713a00000, 0x0000000713a00000, 0x0000000713c00000|  0%| F|  |TAMS 0x0000000713a00000| PB 0x0000000713a00000| Untracked 
| 110|0x0000000713c00000, 0x0000000713c00000, 0x0000000713e00000|  0%| F|  |TAMS 0x0000000713c00000| PB 0x0000000713c00000| Untracked 
| 111|0x0000000713e00000, 0x0000000713e00000, 0x0000000714000000|  0%| F|  |TAMS 0x0000000713e00000| PB 0x0000000713e00000| Untracked 
| 112|0x0000000714000000, 0x0000000714000000, 0x0000000714200000|  0%| F|  |TAMS 0x0000000714000000| PB 0x0000000714000000| Untracked 
| 113|0x0000000714200000, 0x0000000714200000, 0x0000000714400000|  0%| F|  |TAMS 0x0000000714200000| PB 0x0000000714200000| Untracked 
| 114|0x0000000714400000, 0x0000000714400000, 0x0000000714600000|  0%| F|  |TAMS 0x0000000714400000| PB 0x0000000714400000| Untracked 
| 115|0x0000000714600000, 0x0000000714600000, 0x0000000714800000|  0%| F|  |TAMS 0x0000000714600000| PB 0x0000000714600000| Untracked 
| 116|0x0000000714800000, 0x0000000714800000, 0x0000000714a00000|  0%| F|  |TAMS 0x0000000714800000| PB 0x0000000714800000| Untracked 
| 117|0x0000000714a00000, 0x0000000714a00000, 0x0000000714c00000|  0%| F|  |TAMS 0x0000000714a00000| PB 0x0000000714a00000| Untracked 
| 118|0x0000000714c00000, 0x0000000714c00000, 0x0000000714e00000|  0%| F|  |TAMS 0x0000000714c00000| PB 0x0000000714c00000| Untracked 
| 119|0x0000000714e00000, 0x0000000714e60198, 0x0000000715000000| 18%| E|  |TAMS 0x0000000714e00000| PB 0x0000000714e00000| Complete 
| 120|0x0000000715000000, 0x0000000715200000, 0x0000000715200000|100%| E|CS|TAMS 0x0000000715000000| PB 0x0000000715000000| Complete 
| 121|0x0000000715200000, 0x0000000715400000, 0x0000000715400000|100%| E|CS|TAMS 0x0000000715200000| PB 0x0000000715200000| Complete 
| 122|0x0000000715400000, 0x0000000715600000, 0x0000000715600000|100%| E|CS|TAMS 0x0000000715400000| PB 0x0000000715400000| Complete 
| 123|0x0000000715600000, 0x0000000715800000, 0x0000000715800000|100%| E|CS|TAMS 0x0000000715600000| PB 0x0000000715600000| Complete 
| 124|0x0000000715800000, 0x0000000715a00000, 0x0000000715a00000|100%| E|CS|TAMS 0x0000000715800000| PB 0x0000000715800000| Complete 

Card table byte_map: [0x000001c24b620000,0x000001c24bdf0000] _byte_map_base: 0x000001c247df0000

Marking Bits: (CMBitMap*) 0x000001c2311cbf30
 Bits: [0x000001c24c5c0000, 0x000001c250440000)

Polling page: 0x000001c231260000

Metaspace:

Usage:
  Non-class:     13.22 MB used.
      Class:      1.91 MB used.
       Both:     15.13 MB used.

Virtual space:
  Non-class space:       64.00 MB reserved,      13.44 MB ( 21%) committed,  1 nodes.
      Class space:        1.00 GB reserved,       2.06 MB ( <1%) committed,  1 nodes.
             Both:        1.06 GB reserved,      15.50 MB (  1%) committed. 

Chunk freelists:
   Non-Class:  2.23 MB
       Class:  1.92 MB
        Both:  4.16 MB

MaxMetaspaceSize: unlimited
CompressedClassSpaceSize: 1.00 GB
Initial GC threshold: 21.00 MB
Current GC threshold: 21.00 MB
CDS: on
MetaspaceReclaimPolicy: balanced
 - commit_granule_bytes: 65536.
 - commit_granule_words: 8192.
 - virtual_space_node_default_size: 8388608.
 - enlarge_chunks_in_place: 1.
 - new_chunks_are_fully_committed: 0.
 - uncommit_free_chunks: 1.
 - use_allocation_guard: 0.


Internal statistics:

num_allocs_failed_limit: 0.
num_arena_births: 330.
num_arena_deaths: 0.
num_vsnodes_births: 2.
num_vsnodes_deaths: 0.
num_space_committed: 248.
num_space_uncommitted: 0.
num_chunks_returned_to_freelist: 0.
num_chunks_taken_from_freelist: 842.
num_chunk_merges: 0.
num_chunk_splits: 552.
num_chunks_enlarged: 391.
num_inconsistent_stats: 0.

CodeHeap 'non-profiled nmethods': size=119168Kb used=1336Kb max_used=1336Kb free=117831Kb
 bounds [0x000001c243150000, 0x000001c2433c0000, 0x000001c24a5b0000]
CodeHeap 'profiled nmethods': size=119104Kb used=7467Kb max_used=7467Kb free=111636Kb
 bounds [0x000001c23b5b0000, 0x000001c23bd00000, 0x000001c242a00000]
CodeHeap 'non-nmethods': size=7488Kb used=1833Kb max_used=3540Kb free=5654Kb
 bounds [0x000001c242a00000, 0x000001c242d80000, 0x000001c243150000]
 total_blobs=4440 nmethods=3643 adapters=707
 compilation: enabled
              stopped_count=0, restarted_count=0
 full_count=0

Compilation events (20 events):
Event: 6.602 Thread 0x000001c298800bf0 3635       3       com.sun.prism.paint.Color::isOpaque (15 bytes)
Event: 6.602 Thread 0x000001c298800bf0 nmethod 3635 0x000001c23bcf4090 code [0x000001c23bcf4240, 0x000001c23bcf43d8]
Event: 8.414 Thread 0x000001c298801ca0 3636       3       javafx.scene.text.Text$3::invalidated (72 bytes)
Event: 8.414 Thread 0x000001c298800bf0 3637       3       javafx.scene.text.Text::setSelectionStart (32 bytes)
Event: 8.415 Thread 0x000001c298800bf0 nmethod 3637 0x000001c23bcf4490 code [0x000001c23bcf4680, 0x000001c23bcf4c88]
Event: 8.415 Thread 0x000001c298801ca0 nmethod 3636 0x000001c23bcf4e90 code [0x000001c23bcf5200, 0x000001c23bcf6d28]
Event: 9.016 Thread 0x000001c298801ca0 3638       3       java.lang.invoke.Invokers$Holder::linkToTargetMethod (10 bytes)
Event: 9.017 Thread 0x000001c298801ca0 nmethod 3638 0x000001c23bcf7510 code [0x000001c23bcf76c0, 0x000001c23bcf7950]
Event: 9.922 Thread 0x000001c298801ca0 3639       3       com.sun.glass.ui.Application::invokeLater (13 bytes)
Event: 9.922 Thread 0x000001c298800bf0 3640       3       com.sun.glass.ui.win.WinApplication::_invokeLater (24 bytes)
Event: 9.922 Thread 0x000001c298801ca0 nmethod 3639 0x000001c23bcf7a10 code [0x000001c23bcf7c20, 0x000001c23bcf81c0]
Event: 9.922 Thread 0x000001c298800bf0 nmethod 3640 0x000001c23bcf8410 code [0x000001c23bcf8600, 0x000001c23bcf8a60]
Event: 9.922 Thread 0x000001c298800bf0 3641       3       com.sun.glass.ui.InvokeLaterDispatcher::invokeLater (11 bytes)
Event: 9.922 Thread 0x000001c298800bf0 nmethod 3641 0x000001c23bcf8c90 code [0x000001c23bcf8e40, 0x000001c23bcf9138]
Event: 11.128 Thread 0x000001c298801ca0 3642       3       java.lang.invoke.DirectMethodHandle$Holder::newInvokeSpecial (24 bytes)
Event: 11.128 Thread 0x000001c298801ca0 nmethod 3642 0x000001c23bcf9290 code [0x000001c23bcf9460, 0x000001c23bcf99e8]
Event: 11.431 Thread 0x000001c25295e9c0 3643       4       java.lang.invoke.Invokers$Holder::linkToTargetMethod (9 bytes)
Event: 11.434 Thread 0x000001c25295e9c0 nmethod 3643 0x000001c24329de90 code [0x000001c24329e000, 0x000001c24329e0e0]
Event: 12.033 Thread 0x000001c298800bf0 3644       3       java.security.AccessControlContext::combine (205 bytes)
Event: 12.034 Thread 0x000001c298800bf0 nmethod 3644 0x000001c23bcf9b90 code [0x000001c23bcf9dc0, 0x000001c23bcfa978]

GC Heap History (4 events):
Event: 0.582 GC heap before
{Heap before GC invocations=0 (full 0):
 garbage-first heap   total 256000K, used 22528K [0x0000000706000000, 0x0000000800000000)
  region size 2048K, 11 young (22528K), 0 survivors (0K)
 Metaspace       used 3960K, committed 4160K, reserved 1114112K
  class space    used 406K, committed 512K, reserved 1048576K
}
Event: 0.585 GC heap after
{Heap after GC invocations=1 (full 0):
 garbage-first heap   total 256000K, used 2537K [0x0000000706000000, 0x0000000800000000)
  region size 2048K, 2 young (4096K), 2 survivors (4096K)
 Metaspace       used 3960K, committed 4160K, reserved 1114112K
  class space    used 406K, committed 512K, reserved 1048576K
}
Event: 1.850 GC heap before
{Heap before GC invocations=1 (full 0):
 garbage-first heap   total 256000K, used 39401K [0x0000000706000000, 0x0000000800000000)
  region size 2048K, 19 young (38912K), 2 survivors (4096K)
 Metaspace       used 13775K, committed 14080K, reserved 1114112K
  class space    used 1817K, committed 1984K, reserved 1048576K
}
Event: 1.857 GC heap after
{Heap after GC invocations=2 (full 0):
 garbage-first heap   total 256000K, used 10187K [0x0000000706000000, 0x0000000800000000)
  region size 2048K, 3 young (6144K), 3 survivors (6144K)
 Metaspace       used 13775K, committed 14080K, reserved 1114112K
  class space    used 1817K, committed 1984K, reserved 1048576K
}

Dll operation events (20 events):
Event: 0.391 Loaded shared library C:\Users\jackj\.openjfx\cache\20+19\amd64\api-ms-win-crt-locale-l1-1-0.dll
Event: 0.392 Loaded shared library C:\Users\jackj\.openjfx\cache\20+19\amd64\api-ms-win-crt-math-l1-1-0.dll
Event: 0.394 Loaded shared library C:\Users\jackj\.openjfx\cache\20+19\amd64\api-ms-win-crt-multibyte-l1-1-0.dll
Event: 0.397 Loaded shared library C:\Users\jackj\.openjfx\cache\20+19\amd64\api-ms-win-crt-private-l1-1-0.dll
Event: 0.399 Loaded shared library C:\Users\jackj\.openjfx\cache\20+19\amd64\api-ms-win-crt-process-l1-1-0.dll
Event: 0.400 Loaded shared library C:\Users\jackj\.openjfx\cache\20+19\amd64\api-ms-win-crt-runtime-l1-1-0.dll
Event: 0.403 Loaded shared library C:\Users\jackj\.openjfx\cache\20+19\amd64\api-ms-win-crt-stdio-l1-1-0.dll
Event: 0.405 Loaded shared library C:\Users\jackj\.openjfx\cache\20+19\amd64\api-ms-win-crt-string-l1-1-0.dll
Event: 0.407 Loaded shared library C:\Users\jackj\.openjfx\cache\20+19\amd64\api-ms-win-crt-time-l1-1-0.dll
Event: 0.408 Loaded shared library C:\Users\jackj\.openjfx\cache\20+19\amd64\api-ms-win-crt-utility-l1-1-0.dll
Event: 0.421 Loaded shared library C:\Users\jackj\.openjfx\cache\20+19\amd64\ucrtbase.dll
Event: 0.425 Loaded shared library C:\Users\jackj\.openjfx\cache\20+19\amd64\vcruntime140.dll
Event: 0.427 Loaded shared library C:\Users\jackj\.openjfx\cache\20+19\amd64\vcruntime140_1.dll
Event: 0.434 Loaded shared library C:\Users\jackj\.openjfx\cache\20+19\amd64\msvcp140.dll
Event: 0.437 Loaded shared library C:\Users\jackj\.openjfx\cache\20+19\amd64\msvcp140_1.dll
Event: 0.440 Loaded shared library C:\Users\jackj\.openjfx\cache\20+19\amd64\msvcp140_2.dll
Event: 0.473 Loaded shared library C:\Users\jackj\.openjfx\cache\20+19\amd64\prism_d3d.dll
Event: 0.539 Loaded shared library C:\Users\jackj\.openjfx\cache\20+19\amd64\glass.dll
Event: 0.642 Loaded shared library C:\Users\jackj\.openjfx\cache\20+19\amd64\javafx_font.dll
Event: 0.656 Loaded shared library C:\Users\jackj\.jdks\corretto-20.0.2.1\bin\jimage.dll

Deoptimization events (20 events):
Event: 5.308 Thread 0x000001c299e99690 Uncommon trap: trap_request=0xffffff45 fr.pc=0x000001c24323eb18 relative=0x0000000000002818
Event: 5.308 Thread 0x000001c299e99690 Uncommon trap: reason=unstable_if action=reinterpret pc=0x000001c24323eb18 method=javafx.scene.CssStyleHelper.createStyleHelper(Ljavafx/scene/Node;)Ljavafx/scene/CssStyleHelper; @ 131 c2
Event: 5.308 Thread 0x000001c299e99690 DEOPT PACKING pc=0x000001c24323eb18 sp=0x00000047594fde50
Event: 5.308 Thread 0x000001c299e99690 DEOPT UNPACKING pc=0x000001c242a69d22 sp=0x00000047594fde20 mode 2
Event: 5.351 Thread 0x000001c299958a60 Uncommon trap: trap_request=0xffffff45 fr.pc=0x000001c24325c228 relative=0x0000000000000588
Event: 5.351 Thread 0x000001c299958a60 Uncommon trap: reason=unstable_if action=reinterpret pc=0x000001c24325c228 method=com.sun.prism.d3d.D3DContext.updateTexture(ILcom/sun/prism/Texture;)V @ 37 c2
Event: 5.351 Thread 0x000001c299958a60 DEOPT PACKING pc=0x000001c24325c228 sp=0x00000047598fe0f0
Event: 5.351 Thread 0x000001c299958a60 DEOPT UNPACKING pc=0x000001c242a69d22 sp=0x00000047598fe040 mode 2
Event: 5.353 Thread 0x000001c299958a60 Uncommon trap: trap_request=0xffffff45 fr.pc=0x000001c243268870 relative=0x00000000000001d0
Event: 5.353 Thread 0x000001c299958a60 Uncommon trap: reason=unstable_if action=reinterpret pc=0x000001c243268870 method=java.util.WeakHashMap.matchesKey(Ljava/util/WeakHashMap$Entry;Ljava/lang/Object;)Z @ 5 c2
Event: 5.353 Thread 0x000001c299958a60 DEOPT PACKING pc=0x000001c243268870 sp=0x00000047598fe280
Event: 5.353 Thread 0x000001c299958a60 DEOPT UNPACKING pc=0x000001c242a69d22 sp=0x00000047598fe1a0 mode 2
Event: 5.354 Thread 0x000001c299958a60 DEOPT PACKING pc=0x000001c23b9a5071 sp=0x00000047598fdf10
Event: 5.354 Thread 0x000001c299958a60 DEOPT UNPACKING pc=0x000001c242a6a4c2 sp=0x00000047598fd360 mode 0
Event: 5.810 Thread 0x000001c29a1685b0 DEOPT PACKING pc=0x000001c23bcc69e3 sp=0x000000475afff340
Event: 5.810 Thread 0x000001c29a1685b0 DEOPT UNPACKING pc=0x000001c242a6a4c2 sp=0x000000475affe968 mode 0
Event: 6.603 Thread 0x000001c29a1685b0 Uncommon trap: trap_request=0xffffff45 fr.pc=0x000001c243299f58 relative=0x0000000000000138
Event: 6.603 Thread 0x000001c29a1685b0 Uncommon trap: reason=unstable_if action=reinterpret pc=0x000001c243299f58 method=com.snust.tetrij.GameScene.GameSceneSingle.PlayerThreadSingle.run()V @ 48 c2
Event: 6.603 Thread 0x000001c29a1685b0 DEOPT PACKING pc=0x000001c243299f58 sp=0x000000475afff4e0
Event: 6.603 Thread 0x000001c29a1685b0 DEOPT UNPACKING pc=0x000001c242a69d22 sp=0x000000475afff470 mode 2

Classes loaded (20 events):
Event: 1.201 Loading class java/nio/DoubleBuffer
Event: 1.201 Loading class java/nio/DoubleBuffer done
Event: 1.202 Loading class java/nio/DirectFloatBufferU
Event: 1.202 Loading class java/nio/DirectFloatBufferU done
Event: 1.236 Loading class java/util/EnumMap$Values
Event: 1.236 Loading class java/util/EnumMap$Values done
Event: 1.236 Loading class java/util/EnumMap$ValueIterator
Event: 1.236 Loading class java/util/EnumMap$EnumMapIterator
Event: 1.236 Loading class java/util/EnumMap$EnumMapIterator done
Event: 1.236 Loading class java/util/EnumMap$ValueIterator done
Event: 2.680 Loading class java/lang/Math$RandomNumberGeneratorHolder
Event: 2.680 Loading class java/lang/Math$RandomNumberGeneratorHolder done
Event: 2.683 Loading class jdk/internal/event/ThreadSleepEvent
Event: 2.683 Loading class jdk/internal/event/ThreadSleepEvent done
Event: 5.088 Loading class java/io/UnsupportedEncodingException
Event: 5.088 Loading class java/io/UnsupportedEncodingException done
Event: 5.409 Loading class java/lang/foreign/MemorySegment
Event: 5.409 Loading class java/lang/foreign/MemorySegment done
Event: 13.145 Loading class jdk/internal/misc/Signal$1
Event: 13.145 Loading class jdk/internal/misc/Signal$1 done

Classes unloaded (0 events):
No events

Classes redefined (0 events):
No events

Internal exceptions (20 events):
Event: 0.882 Thread 0x000001c299e99690 Exception <a 'java/lang/NoSuchMethodError'{0x00000007147de268}: 'void java.lang.invoke.DelegatingMethodHandle$Holder.reinvoke_L(java.lang.Object, java.lang.Object, int)'> (0x00000007147de268) 
thrown [s\src\hotspot\share\interpreter\linkResolver.cpp, line 773]
Event: 0.884 Thread 0x000001c299e99690 Exception <a 'java/lang/NoSuchMethodError'{0x00000007147e4f48}: 'int java.lang.invoke.DirectMethodHandle$Holder.invokeSpecial(java.lang.Object, java.lang.Object, java.lang.Object)'> (0x00000007147e4f48) 
thrown [s\src\hotspot\share\interpreter\linkResolver.cpp, line 773]
Event: 0.921 Thread 0x000001c299e99690 Exception <a 'sun/nio/fs/WindowsException'{0x00000007145c0a08}> (0x00000007145c0a08) 
thrown [s\src\hotspot\share\prims\jni.cpp, line 519]
Event: 0.927 Thread 0x000001c299e99690 Exception <a 'java/io/FileNotFoundException'{0x00000007145ee4e0}> (0x00000007145ee4e0) 
thrown [s\src\hotspot\share\prims\jni.cpp, line 519]
Event: 0.998 Thread 0x000001c299e99690 Implicit null exception at 0x000001c2431cb0fe to 0x000001c2431cb724
Event: 1.013 Thread 0x000001c299e99690 Exception <a 'sun/nio/fs/WindowsException'{0x0000000713ddda60}> (0x0000000713ddda60) 
thrown [s\src\hotspot\share\prims\jni.cpp, line 519]
Event: 1.026 Thread 0x000001c299e99690 Exception <a 'java/lang/IncompatibleClassChangeError'{0x0000000713ac01a0}: Found class java.lang.Object, but interface was expected> (0x0000000713ac01a0) 
thrown [s\src\hotspot\share\interpreter\linkResolver.cpp, line 840]
Event: 1.058 Thread 0x000001c25295c590 Exception <a 'sun/nio/fs/WindowsException'{0x0000000713846568}> (0x0000000713846568) 
thrown [s\src\hotspot\share\prims\jni.cpp, line 519]
Event: 1.078 Thread 0x000001c299e99690 Exception <a 'java/lang/NoSuchMethodError'{0x0000000713907ca0}: 'int java.lang.invoke.DirectMethodHandle$Holder.invokeSpecial(java.lang.Object, java.lang.Object, int)'> (0x0000000713907ca0) 
thrown [s\src\hotspot\share\interpreter\linkResolver.cpp, line 773]
Event: 1.091 Thread 0x000001c299e99690 Exception <a 'java/lang/NoSuchMethodError'{0x00000007139861c0}: 'java.lang.Object java.lang.invoke.DirectMethodHandle$Holder.newInvokeSpecial(java.lang.Object, java.lang.Object, int)'> (0x00000007139861c0) 
thrown [s\src\hotspot\share\interpreter\linkResolver.cpp, line 773]
Event: 1.154 Thread 0x000001c299958a60 Exception <a 'java/lang/NoSuchMethodError'{0x000000071364eef0}: 'int java.lang.invoke.DirectMethodHandle$Holder.invokeStaticInit(java.lang.Object, java.lang.Object)'> (0x000000071364eef0) 
thrown [s\src\hotspot\share\interpreter\linkResolver.cpp, line 773]
Event: 1.795 Thread 0x000001c299e99690 Exception <a 'java/io/FileNotFoundException'{0x00000007135a7358}> (0x00000007135a7358) 
thrown [s\src\hotspot\share\prims\jni.cpp, line 519]
Event: 2.650 Thread 0x000001c299e99690 Implicit null exception at 0x000001c2431f20c6 to 0x000001c2431f215a
Event: 2.660 Thread 0x000001c299e99690 Implicit null exception at 0x000001c24317951d to 0x000001c243179599
Event: 2.666 Thread 0x000001c299e99690 Implicit null exception at 0x000001c2431cf4fd to 0x000001c2431cf6dc
Event: 2.666 Thread 0x000001c299e99690 Implicit null exception at 0x000001c2431cbf7d to 0x000001c2431cc154
Event: 5.102 Thread 0x000001c299e99690 Exception <a 'java/lang/NoSuchMethodError'{0x0000000715387fa0}: 'long java.lang.invoke.DirectMethodHandle$Holder.invokeStatic(java.lang.Object, java.lang.Object, java.lang.Object)'> (0x0000000715387fa0) 
thrown [s\src\hotspot\share\interpreter\linkResolver.cpp, line 773]
Event: 5.102 Thread 0x000001c299e99690 Exception <a 'java/lang/NoSuchMethodError'{0x000000071538b370}: 'long java.lang.invoke.DirectMethodHandle$Holder.invokeStaticInit(java.lang.Object, java.lang.Object, java.lang.Object)'> (0x000000071538b370) 
thrown [s\src\hotspot\share\interpreter\linkResolver.cpp, line 773]
Event: 5.104 Thread 0x000001c299e99690 Exception <a 'java/lang/NoSuchMethodError'{0x00000007153a34c0}: 'java.lang.Object java.lang.invoke.DirectMethodHandle$Holder.newInvokeSpecial(java.lang.Object, java.lang.Object, long)'> (0x00000007153a34c0) 
thrown [s\src\hotspot\share\interpreter\linkResolver.cpp, line 773]
Event: 5.104 Thread 0x000001c299e99690 Exception <a 'java/lang/NoSuchMethodError'{0x00000007153a6db8}: 'java.lang.Object java.lang.invoke.Invokers$Holder.linkToTargetMethod(java.lang.Object, long, java.lang.Object)'> (0x00000007153a6db8) 
thrown [s\src\hotspot\share\interpreter\linkResolver.cpp, line 773]

VM Operations (20 events):
Event: 0.800 Executing VM operation: HandshakeAllThreads done
Event: 0.949 Executing VM operation: ICBufferFull
Event: 0.950 Executing VM operation: ICBufferFull done
Event: 1.807 Executing VM operation: ICBufferFull
Event: 1.807 Executing VM operation: ICBufferFull done
Event: 1.850 Executing VM operation: G1CollectForAllocation
Event: 1.857 Executing VM operation: G1CollectForAllocation done
Event: 2.658 Executing VM operation: HandshakeAllThreads
Event: 2.658 Executing VM operation: HandshakeAllThreads done
Event: 2.795 Executing VM operation: ICBufferFull
Event: 2.795 Executing VM operation: ICBufferFull done
Event: 3.796 Executing VM operation: Cleanup
Event: 3.796 Executing VM operation: Cleanup done
Event: 4.797 Executing VM operation: Cleanup
Event: 4.797 Executing VM operation: Cleanup done
Event: 5.407 Executing VM operation: ICBufferFull
Event: 5.407 Executing VM operation: ICBufferFull done
Event: 7.408 Executing VM operation: Cleanup
Event: 7.408 Executing VM operation: Cleanup done
Event: 13.147 Executing VM operation: Exit

Events (20 events):
Event: 5.426 Thread 0x000001c2988032e0 Thread added: 0x000001c2988032e0
Event: 5.426 Thread 0x000001c298803870 Thread added: 0x000001c298803870
Event: 5.446 Thread 0x000001c298801710 Thread added: 0x000001c298801710
Event: 5.446 Thread 0x000001c299068dd0 Thread added: 0x000001c299068dd0
Event: 5.642 Thread 0x000001c299068dd0 Thread exited: 0x000001c299068dd0
Event: 5.642 Thread 0x000001c298801710 Thread exited: 0x000001c298801710
Event: 5.642 Thread 0x000001c298803870 Thread exited: 0x000001c298803870
Event: 5.645 Thread 0x000001c2988032e0 Thread exited: 0x000001c2988032e0
Event: 5.780 Thread 0x000001c298800660 Thread exited: 0x000001c298800660
Event: 5.852 Thread 0x000001c2988027c0 Thread exited: 0x000001c2988027c0
Event: 12.033 Thread 0x000001c298801ca0 Thread exited: 0x000001c298801ca0
Event: 12.033 Thread 0x000001c2988000d0 Thread exited: 0x000001c2988000d0
Event: 13.146 Thread 0x000001c29a16a040 Thread added: 0x000001c29a16a040
Event: 13.146 Thread 0x000001c29a1695a0 Thread added: 0x000001c29a1695a0
Event: 13.146 Thread 0x000001c29a167070 Thread added: 0x000001c29a167070
Event: 13.146 Thread 0x000001c2a3b7e660 Thread added: 0x000001c2a3b7e660
Event: 13.147 Thread 0x000001c2a3b7e660 Thread exited: 0x000001c2a3b7e660
Event: 13.147 Thread 0x000001c29a1695a0 Thread exited: 0x000001c29a1695a0
Event: 13.147 Thread 0x000001c29a167070 Thread exited: 0x000001c29a167070
Event: 13.147 Thread 0x000001c25295a2c0 Thread exited: 0x000001c25295a2c0


Dynamic libraries:
0x00007ff7c87c0000 - 0x00007ff7c87ce000 	C:\Users\jackj\.jdks\corretto-20.0.2.1\bin\java.exe
0x00007ffff61d0000 - 0x00007ffff63e7000 	C:\Windows\SYSTEM32\ntdll.dll
0x00007ffff4720000 - 0x00007ffff47e4000 	C:\Windows\System32\KERNEL32.DLL
0x00007ffff3560000 - 0x00007ffff3907000 	C:\Windows\System32\KERNELBASE.dll
0x00007ffff3b60000 - 0x00007ffff3c71000 	C:\Windows\System32\ucrtbase.dll
0x00007fffc8180000 - 0x00007fffc8197000 	C:\Users\jackj\.jdks\corretto-20.0.2.1\bin\jli.dll
0x00007fffddc50000 - 0x00007fffddc6b000 	C:\Users\jackj\.jdks\corretto-20.0.2.1\bin\VCRUNTIME140.dll
0x00007ffff4830000 - 0x00007ffff49de000 	C:\Windows\System32\USER32.dll
0x00007ffff3b30000 - 0x00007ffff3b56000 	C:\Windows\System32\win32u.dll
0x00007ffff4510000 - 0x00007ffff4539000 	C:\Windows\System32\GDI32.dll
0x00007ffff3de0000 - 0x00007ffff3ef9000 	C:\Windows\System32\gdi32full.dll
0x00007ffff3d40000 - 0x00007ffff3dda000 	C:\Windows\System32\msvcp_win.dll
0x00007fffdaf10000 - 0x00007fffdb1a3000 	C:\Windows\WinSxS\amd64_microsoft.windows.common-controls_6595b64144ccf1df_6.0.22621.3527_none_270e469b73872a76\COMCTL32.dll
0x00007ffff4010000 - 0x00007ffff40b7000 	C:\Windows\System32\msvcrt.dll
0x00007ffff46e0000 - 0x00007ffff4711000 	C:\Windows\System32\IMM32.DLL
0x00007fffdfeb0000 - 0x00007fffdfebc000 	C:\Users\jackj\.jdks\corretto-20.0.2.1\bin\vcruntime140_1.dll
0x00007fff9a920000 - 0x00007fff9a9ae000 	C:\Users\jackj\.jdks\corretto-20.0.2.1\bin\msvcp140.dll
0x00007fff62380000 - 0x00007fff63084000 	C:\Users\jackj\.jdks\corretto-20.0.2.1\bin\server\jvm.dll
0x00007ffff3f00000 - 0x00007ffff3fb2000 	C:\Windows\System32\ADVAPI32.dll
0x00007ffff4630000 - 0x00007ffff46d8000 	C:\Windows\System32\sechost.dll
0x00007ffff3910000 - 0x00007ffff3938000 	C:\Windows\System32\bcrypt.dll
0x00007ffff4280000 - 0x00007ffff4395000 	C:\Windows\System32\RPCRT4.dll
0x00007ffff01f0000 - 0x00007ffff01f9000 	C:\Windows\SYSTEM32\WSOCK32.dll
0x00007ffff5e70000 - 0x00007ffff5ee1000 	C:\Windows\System32\WS2_32.dll
0x00007fffe7380000 - 0x00007fffe73b4000 	C:\Windows\SYSTEM32\WINMM.dll
0x00007fffd82a0000 - 0x00007fffd82aa000 	C:\Windows\SYSTEM32\VERSION.dll
0x00007ffff2510000 - 0x00007ffff2528000 	C:\Windows\SYSTEM32\kernel.appcore.dll
0x00007fffddd60000 - 0x00007fffddd6a000 	C:\Users\jackj\.jdks\corretto-20.0.2.1\bin\jimage.dll
0x00007ffff0db0000 - 0x00007ffff0fe2000 	C:\Windows\SYSTEM32\DBGHELP.DLL
0x00007ffff5280000 - 0x00007ffff5608000 	C:\Windows\System32\combase.dll
0x00007ffff6050000 - 0x00007ffff6127000 	C:\Windows\System32\OLEAUT32.dll
0x00007fffd35c0000 - 0x00007fffd35f2000 	C:\Windows\SYSTEM32\dbgcore.DLL
0x00007ffff3ab0000 - 0x00007ffff3b29000 	C:\Windows\System32\bcryptPrimitives.dll
0x00007fffe01d0000 - 0x00007fffe01de000 	C:\Users\jackj\.jdks\corretto-20.0.2.1\bin\instrument.dll
0x00007fffc3570000 - 0x00007fffc3596000 	C:\Users\jackj\.jdks\corretto-20.0.2.1\bin\java.dll
0x00007fff9a840000 - 0x00007fff9a917000 	C:\Users\jackj\.jdks\corretto-20.0.2.1\bin\jsvml.dll
0x00007ffff5610000 - 0x00007ffff5e6c000 	C:\Windows\System32\SHELL32.dll
0x00007ffff13e0000 - 0x00007ffff1cd6000 	C:\Windows\SYSTEM32\windows.storage.dll
0x00007ffff12a0000 - 0x00007ffff13de000 	C:\Windows\SYSTEM32\wintypes.dll
0x00007ffff4410000 - 0x00007ffff4505000 	C:\Windows\System32\SHCORE.dll
0x00007ffff43a0000 - 0x00007ffff43fe000 	C:\Windows\System32\shlwapi.dll
0x00007ffff3420000 - 0x00007ffff3441000 	C:\Windows\SYSTEM32\profapi.dll
0x00007fffbce20000 - 0x00007fffbce33000 	C:\Users\jackj\.jdks\corretto-20.0.2.1\bin\net.dll
0x00007fffea730000 - 0x00007fffea866000 	C:\Windows\SYSTEM32\WINHTTP.dll
0x00007ffff2980000 - 0x00007ffff29e9000 	C:\Windows\system32\mswsock.dll
0x00007fffaa5d0000 - 0x00007fffaa5e6000 	C:\Users\jackj\.jdks\corretto-20.0.2.1\bin\nio.dll
0x00007fffa2630000 - 0x00007fffa2648000 	C:\Users\jackj\.jdks\corretto-20.0.2.1\bin\zip.dll
0x00007fffddbf0000 - 0x00007fffddc0a000 	C:\Users\jackj\IntelliJ IDEA 2023.1.1\bin\breakgen64.dll
0x000001c2534f0000 - 0x000001c2534f3000 	C:\Users\jackj\.openjfx\cache\20+19\amd64\api-ms-win-core-console-l1-1-0.dll
0x000001c253500000 - 0x000001c253503000 	C:\Users\jackj\.openjfx\cache\20+19\amd64\api-ms-win-core-console-l1-2-0.dll
0x000001c253510000 - 0x000001c253513000 	C:\Users\jackj\.openjfx\cache\20+19\amd64\api-ms-win-core-datetime-l1-1-0.dll
0x000001c253520000 - 0x000001c253523000 	C:\Users\jackj\.openjfx\cache\20+19\amd64\api-ms-win-core-debug-l1-1-0.dll
0x000001c253530000 - 0x000001c253533000 	C:\Users\jackj\.openjfx\cache\20+19\amd64\api-ms-win-core-errorhandling-l1-1-0.dll
0x000001c253540000 - 0x000001c253544000 	C:\Users\jackj\.openjfx\cache\20+19\amd64\api-ms-win-core-file-l1-1-0.dll
0x000001c253550000 - 0x000001c253553000 	C:\Users\jackj\.openjfx\cache\20+19\amd64\api-ms-win-core-file-l1-2-0.dll
0x000001c253560000 - 0x000001c253563000 	C:\Users\jackj\.openjfx\cache\20+19\amd64\api-ms-win-core-file-l2-1-0.dll
0x000001c253570000 - 0x000001c253573000 	C:\Users\jackj\.openjfx\cache\20+19\amd64\api-ms-win-core-handle-l1-1-0.dll
0x000001c253580000 - 0x000001c253583000 	C:\Users\jackj\.openjfx\cache\20+19\amd64\api-ms-win-core-heap-l1-1-0.dll
0x000001c253590000 - 0x000001c253593000 	C:\Users\jackj\.openjfx\cache\20+19\amd64\api-ms-win-core-interlocked-l1-1-0.dll
0x000001c2535a0000 - 0x000001c2535a3000 	C:\Users\jackj\.openjfx\cache\20+19\amd64\api-ms-win-core-libraryloader-l1-1-0.dll
0x000001c2535b0000 - 0x000001c2535b3000 	C:\Users\jackj\.openjfx\cache\20+19\amd64\api-ms-win-core-localization-l1-2-0.dll
0x000001c2535c0000 - 0x000001c2535c3000 	C:\Users\jackj\.openjfx\cache\20+19\amd64\api-ms-win-core-memory-l1-1-0.dll
0x000001c2535d0000 - 0x000001c2535d3000 	C:\Users\jackj\.openjfx\cache\20+19\amd64\api-ms-win-core-namedpipe-l1-1-0.dll
0x000001c2535e0000 - 0x000001c2535e3000 	C:\Users\jackj\.openjfx\cache\20+19\amd64\api-ms-win-core-processenvironment-l1-1-0.dll
0x000001c2535f0000 - 0x000001c2535f3000 	C:\Users\jackj\.openjfx\cache\20+19\amd64\api-ms-win-core-processthreads-l1-1-0.dll
0x000001c253600000 - 0x000001c253603000 	C:\Users\jackj\.openjfx\cache\20+19\amd64\api-ms-win-core-processthreads-l1-1-1.dll
0x000001c253610000 - 0x000001c253613000 	C:\Users\jackj\.openjfx\cache\20+19\amd64\api-ms-win-core-profile-l1-1-0.dll
0x000001c253620000 - 0x000001c253623000 	C:\Users\jackj\.openjfx\cache\20+19\amd64\api-ms-win-core-rtlsupport-l1-1-0.dll
0x000001c253630000 - 0x000001c253633000 	C:\Users\jackj\.openjfx\cache\20+19\amd64\api-ms-win-core-string-l1-1-0.dll
0x000001c253640000 - 0x000001c253643000 	C:\Users\jackj\.openjfx\cache\20+19\amd64\api-ms-win-core-synch-l1-1-0.dll
0x000001c253650000 - 0x000001c253653000 	C:\Users\jackj\.openjfx\cache\20+19\amd64\api-ms-win-core-synch-l1-2-0.dll
0x000001c253660000 - 0x000001c253663000 	C:\Users\jackj\.openjfx\cache\20+19\amd64\api-ms-win-core-sysinfo-l1-1-0.dll
0x000001c253670000 - 0x000001c253673000 	C:\Users\jackj\.openjfx\cache\20+19\amd64\api-ms-win-core-timezone-l1-1-0.dll
0x000001c253680000 - 0x000001c253683000 	C:\Users\jackj\.openjfx\cache\20+19\amd64\api-ms-win-core-util-l1-1-0.dll
0x000001c253690000 - 0x000001c253693000 	C:\Users\jackj\.openjfx\cache\20+19\amd64\api-ms-win-crt-conio-l1-1-0.dll
0x000001c2536a0000 - 0x000001c2536a4000 	C:\Users\jackj\.openjfx\cache\20+19\amd64\api-ms-win-crt-convert-l1-1-0.dll
0x000001c2536b0000 - 0x000001c2536b3000 	C:\Users\jackj\.openjfx\cache\20+19\amd64\api-ms-win-crt-environment-l1-1-0.dll
0x000001c2536c0000 - 0x000001c2536c3000 	C:\Users\jackj\.openjfx\cache\20+19\amd64\api-ms-win-crt-filesystem-l1-1-0.dll
0x000001c2536d0000 - 0x000001c2536d3000 	C:\Users\jackj\.openjfx\cache\20+19\amd64\api-ms-win-crt-heap-l1-1-0.dll
0x000001c2536e0000 - 0x000001c2536e3000 	C:\Users\jackj\.openjfx\cache\20+19\amd64\api-ms-win-crt-locale-l1-1-0.dll
0x000001c2536f0000 - 0x000001c2536f5000 	C:\Users\jackj\.openjfx\cache\20+19\amd64\api-ms-win-crt-math-l1-1-0.dll
0x000001c253700000 - 0x000001c253705000 	C:\Users\jackj\.openjfx\cache\20+19\amd64\api-ms-win-crt-multibyte-l1-1-0.dll
0x000001c253710000 - 0x000001c253720000 	C:\Users\jackj\.openjfx\cache\20+19\amd64\api-ms-win-crt-private-l1-1-0.dll
0x000001c253720000 - 0x000001c253723000 	C:\Users\jackj\.openjfx\cache\20+19\amd64\api-ms-win-crt-process-l1-1-0.dll
0x000001c253730000 - 0x000001c253734000 	C:\Users\jackj\.openjfx\cache\20+19\amd64\api-ms-win-crt-runtime-l1-1-0.dll
0x000001c253740000 - 0x000001c253744000 	C:\Users\jackj\.openjfx\cache\20+19\amd64\api-ms-win-crt-stdio-l1-1-0.dll
0x000001c253750000 - 0x000001c253754000 	C:\Users\jackj\.openjfx\cache\20+19\amd64\api-ms-win-crt-string-l1-1-0.dll
0x000001c253760000 - 0x000001c253763000 	C:\Users\jackj\.openjfx\cache\20+19\amd64\api-ms-win-crt-time-l1-1-0.dll
0x000001c253770000 - 0x000001c253773000 	C:\Users\jackj\.openjfx\cache\20+19\amd64\api-ms-win-crt-utility-l1-1-0.dll
0x00007fff9b840000 - 0x00007fff9b93c000 	C:\Users\jackj\.openjfx\cache\20+19\amd64\ucrtbase.dll
0x00007fffddb80000 - 0x00007fffddb9b000 	C:\Users\jackj\.openjfx\cache\20+19\amd64\vcruntime140.dll
0x00007fffddb70000 - 0x00007fffddb7c000 	C:\Users\jackj\.openjfx\cache\20+19\amd64\vcruntime140_1.dll
0x00007fffa2c00000 - 0x00007fffa2c8e000 	C:\Users\jackj\.openjfx\cache\20+19\amd64\msvcp140.dll
0x00007fffddb60000 - 0x00007fffddb69000 	C:\Users\jackj\.openjfx\cache\20+19\amd64\msvcp140_1.dll
0x00007fffa2600000 - 0x00007fffa2630000 	C:\Users\jackj\.openjfx\cache\20+19\amd64\msvcp140_2.dll
0x00007fffa1420000 - 0x00007fffa144f000 	C:\Users\jackj\.openjfx\cache\20+19\amd64\prism_d3d.dll
0x00007fffbc4f0000 - 0x00007fffbc699000 	C:\Windows\system32\d3d9.dll
0x00007ffff0650000 - 0x00007ffff067b000 	C:\Windows\SYSTEM32\dwmapi.dll
0x00007ffff04e0000 - 0x00007ffff0519000 	C:\Windows\SYSTEM32\dxcore.dll
0x00007ffff03a0000 - 0x00007ffff044b000 	C:\Windows\system32\uxtheme.dll
0x00007fffbe8c0000 - 0x00007fffbe970000 	C:\Windows\SYSTEM32\d3d9on12.dll
0x00007ffff0540000 - 0x00007ffff0637000 	C:\Windows\SYSTEM32\dxgi.dll
0x00007fffc4790000 - 0x00007fffc47b6000 	C:\Windows\SYSTEM32\d3d12.dll
0x00007ffff3180000 - 0x00007ffff31ce000 	C:\Windows\SYSTEM32\cfgmgr32.dll
0x00007fffbc0e0000 - 0x00007fffbc2e3000 	C:\Windows\SYSTEM32\D3D12Core.dll
0x00007fffbfd20000 - 0x00007fffbfd44000 	C:\Windows\System32\DriverStore\FileRepository\iigd_dch.inf_amd64_7540d49940133a51\igd12umd64.dll
0x00007fffad0c0000 - 0x00007fffadd14000 	C:\Windows\System32\DriverStore\FileRepository\iigd_dch.inf_amd64_7540d49940133a51\igd12um64xel.dll
0x00007ffff3940000 - 0x00007ffff3aa8000 	C:\Windows\System32\CRYPT32.dll
0x00007fffe4f20000 - 0x00007fffe5332000 	C:\Windows\System32\DriverStore\FileRepository\iigd_dch.inf_amd64_7540d49940133a51\igdgmm64.dll
0x00007fffe5880000 - 0x00007fffe58ba000 	C:\Windows\SYSTEM32\ControlLib.dll
0x00007ffff49e0000 - 0x00007ffff4e54000 	C:\Windows\System32\SETUPAPI.dll
0x00007ffff3150000 - 0x00007ffff317c000 	C:\Windows\SYSTEM32\DEVOBJ.dll
0x00007fffe5760000 - 0x00007fffe57d3000 	C:\Windows\System32\DriverStore\FileRepository\iigd_dch.inf_amd64_7540d49940133a51\IntelControlLib.dll
0x00007ffff34f0000 - 0x00007ffff355b000 	C:\Windows\System32\WINTRUST.dll
0x00007ffff2c40000 - 0x00007ffff2c52000 	C:\Windows\SYSTEM32\MSASN1.dll
0x00007fffea5c0000 - 0x00007fffea60a000 	C:\Windows\SYSTEM32\directxdatabasehelper.dll
0x00007fffe0900000 - 0x00007fffe4dea000 	C:\Windows\System32\DriverStore\FileRepository\iigd_dch.inf_amd64_7540d49940133a51\igc64.dll
0x00007ffff5040000 - 0x00007ffff51e5000 	C:\Windows\System32\ole32.dll
0x00007fffbde60000 - 0x00007fffbde8f000 	C:\Windows\SYSTEM32\D3DSCache.dll
0x00007ffff2a80000 - 0x00007ffff2aa8000 	C:\Windows\SYSTEM32\USERENV.dll
0x00007fffa2d50000 - 0x00007fffa805d000 	C:\Windows\System32\DriverStore\FileRepository\iigd_dch.inf_amd64_7540d49940133a51\igd12dxva64.dll
0x00007fffbde30000 - 0x00007fffbde57000 	C:\Windows\System32\DriverStore\FileRepository\iigd_dch.inf_amd64_7540d49940133a51\igdinfo64.dll
0x00007fffe88e0000 - 0x00007fffe8b6b000 	C:\Windows\SYSTEM32\twinapi.appcore.dll
0x00007fff9b7f0000 - 0x00007fff9b832000 	C:\Users\jackj\.openjfx\cache\20+19\amd64\glass.dll
0x00007ffff4e70000 - 0x00007ffff4f67000 	C:\Windows\System32\COMDLG32.dll
0x00007ffff5ef0000 - 0x00007ffff6043000 	C:\Windows\System32\MSCTF.dll
0x00007fffd8d00000 - 0x00007fffd8d14000 	C:\Users\jackj\.openjfx\cache\20+19\amd64\javafx_font.dll
0x00007fffeede0000 - 0x00007fffef054000 	C:\Windows\SYSTEM32\dwrite.dll

dbghelp: loaded successfully - version: 4.0.5 - missing functions: none
symbol engine: initialized successfully - sym options: 0x614 - pdb path: .;C:\Users\jackj\.jdks\corretto-20.0.2.1\bin;C:\Windows\SYSTEM32;C:\Windows\WinSxS\amd64_microsoft.windows.common-controls_6595b64144ccf1df_6.0.22621.3527_none_270e469b73872a76;C:\Users\jackj\.jdks\corretto-20.0.2.1\bin\server;C:\Users\jackj\IntelliJ IDEA 2023.1.1\bin;C:\Users\jackj\.openjfx\cache\20+19\amd64;C:\Windows\System32\DriverStore\FileRepository\iigd_dch.inf_amd64_7540d49940133a51;C:\Program Files\Common Files\Microsoft Shared\Ink

VM Arguments:
jvm_args: -javaagent:C:\Users\jackj\IntelliJ IDEA 2023.1.1\lib\idea_rt.jar=58971:C:\Users\jackj\IntelliJ IDEA 2023.1.1\bin -Dfile.encoding=UTF-8 -Dsun.stdout.encoding=UTF-8 -Dsun.stderr.encoding=UTF-8 --module-path=C:\Users\jackj\.m2\repository\com\fasterxml\jackson\core\jackson-annotations\2.12.1\jackson-annotations-2.12.1.jar;C:\Users\jackj\.m2\repository\com\github\almasb\fxgl-gameplay\17.2\fxgl-gameplay-17.2.jar;C:\Users\jackj\.m2\repository\org\openjfx\javafx-fxml\20\javafx-fxml-20-win.jar;C:\Users\jackj\.m2\repository\org\json\json\20210307\json-20210307.jar;C:\Users\jackj\.m2\repository\com\github\almasb\fxgl\17.2\fxgl-17.2.jar;C:\Users\jackj\.m2\repository\org\jetbrains\kotlin\kotlin-stdlib\1.6.0\kotlin-stdlib-1.6.0-modular.jar;C:\Users\jackj\.m2\repository\com\gluonhq\attach\lifecycle\4.0.13\lifecycle-4.0.13.jar;C:\Users\jackj\.m2\repository\com\gluonhq\attach\util\4.0.13\util-4.0.13.jar;C:\Users\jackj\.m2\repository\org\openjfx\javafx-graphics\20\javafx-graphics-20-win.jar;C:\Users\jackj\.m2\repository\com\github\almasb\fxgl-io\17.2\fxgl-io-17.2.jar;C:\Users\jackj\UnitySaves\TetriJ\target\classes;C:\Users\jackj\.m2\repository\org\openjfx\javafx-controls\20\javafx-controls-20-win.jar;C:\Users\jackj\.m2\repository\org\openjfx\javafx-base\20\javafx-base-20-win.jar;C:\Users\jackj\.m2\repository\com\github\almasb\fxgl-scene\17.2\fxgl-scene-17.2.jar;C:\Users\jackj\.m2\repository\com\fasterxml\jackson\core\jackson-core\2.12.1\jackson-core-2.12.1.jar;C:\Users\jackj\.m2\repository\com\fasterxml\jackson\core\jackson-databind\2.12.1\jackson-databind-2.12.1.jar;C:\Users\jackj\.m2\repository\junit\junit\4.13.2\junit-4.13.2.jar;C:\Users\jackj\.m2\repository\com\gluonhq\attach\storage\4.0.13\storage-4.0.13.jar;C:\Users\jackj\.m2\repository\com\gluonhq\attach\audio\4.0.13\audio-4.0.13.jar;C:\Users\jackj\.m2\repository\org\openjfx\javafx-media\20\javafx-media-20-win.jar;C:\Users\jackj\.m2\repository\com\github\almasb\fxgl-core\17.2\fxgl-core-17.2.jar;C:\Users\jackj\.m2\repository\com\github\almasb\fxgl-entity\17.2\fxgl-entity-17.2.jar -Djdk.module.main=com.snust.tetrij 
java_command: com.snust.tetrij/com.snust.tetrij.MainMenu
java_class_path (initial): C:\Users\jackj\.m2\repository\org\openjfx\javafx-controls\20\javafx-controls-20.jar;C:\Users\jackj\.m2\repository\org\openjfx\javafx-graphics\20\javafx-graphics-20.jar;C:\Users\jackj\.m2\repository\org\openjfx\javafx-base\20\javafx-base-20.jar;C:\Users\jackj\.m2\repository\org\openjfx\javafx-fxml\20\javafx-fxml-20.jar;C:\Users\jackj\.m2\repository\org\openjfx\javafx-media\20\javafx-media-20.jar;C:\Users\jackj\.m2\repository\org\jetbrains\annotations\13.0\annotations-13.0.jar;C:\Users\jackj\.m2\repository\org\jetbrains\kotlin\kotlin-stdlib-common\1.6.0\kotlin-stdlib-common-1.6.0.jar;C:\Users\jackj\.m2\repository\org\hamcrest\hamcrest-core\1.3\hamcrest-core-1.3.jar
Launcher Type: SUN_STANDARD

[Global flags]
     intx CICompilerCount                          = 12                                        {product} {ergonomic}
     uint ConcGCThreads                            = 3                                         {product} {ergonomic}
     uint G1ConcRefinementThreads                  = 13                                        {product} {ergonomic}
   size_t G1HeapRegionSize                         = 2097152                                   {product} {ergonomic}
    uintx GCDrainStackTargetSize                   = 64                                        {product} {ergonomic}
   size_t InitialHeapSize                          = 262144000                                 {product} {ergonomic}
   size_t MarkStackSize                            = 4194304                                   {product} {ergonomic}
   size_t MaxHeapSize                              = 4194304000                                {product} {ergonomic}
   size_t MaxNewSize                               = 2516582400                                {product} {ergonomic}
   size_t MinHeapDeltaBytes                        = 2097152                                   {product} {ergonomic}
   size_t MinHeapSize                              = 8388608                                   {product} {ergonomic}
    uintx NonNMethodCodeHeapSize                   = 7602480                                {pd product} {ergonomic}
    uintx NonProfiledCodeHeapSize                  = 122027880                              {pd product} {ergonomic}
    uintx ProfiledCodeHeapSize                     = 122027880                              {pd product} {ergonomic}
    uintx ReservedCodeCacheSize                    = 251658240                              {pd product} {ergonomic}
     bool SegmentedCodeCache                       = true                                      {product} {ergonomic}
   size_t SoftMaxHeapSize                          = 4194304000                             {manageable} {ergonomic}
     bool UseCompressedClassPointers               = true                           {product lp64_product} {ergonomic}
     bool UseCompressedOops                        = true                           {product lp64_product} {ergonomic}
     bool UseG1GC                                  = true                                      {product} {ergonomic}
     bool UseLargePagesIndividualAllocation        = false                                  {pd product} {ergonomic}

Logging:
Log output configuration:
 #0: stdout all=off uptime,level,tags foldmultilines=false
 #1: stderr all=off uptime,level,tags foldmultilines=false

Environment Variables:
JAVA_HOME=C:\Program Files\Java\jdk-19
PATH=C:\Program Files\Common Files\Oracle\Java\javapath;C:\Windows\system32;C:\Windows;C:\Windows\System32\Wbem;C:\Windows\System32\WindowsPowerShell\v1.0\;C:\Windows\System32\OpenSSH\;%JAVA_HOME%\bin;C:\Program Files\Bandizip\;C:\Program Files\Git\cmd;C:\Program Files\dotnet\;C:\Users\jackj\AppData\Local\Microsoft\WindowsApps;C:\Users\jackj\AppData\Local\GitHubDesktop\bin;C:\Users\jackj\AppData\Local\Programs\MiKTeX\miktex\bin\x64\;C:\Users\jackj\.dotnet\tools
USERNAME=jackj
OS=Windows_NT
PROCESSOR_IDENTIFIER=Intel64 Family 6 Model 154 Stepping 3, GenuineIntel
TMP=C:\Users\jackj\AppData\Local\Temp
TEMP=C:\Users\jackj\AppData\Local\Temp




---------------  S Y S T E M  ---------------

OS:
 Windows 11 , 64 bit Build 22621 (10.0.22621.3527)
OS uptime: 8 days 19:18 hours
Hyper-V role detected

CPU: total 16 (initial active 16) (8 cores per cpu, 2 threads per core) family 6 model 154 stepping 3 microcode 0x423, cx8, cmov, fxsr, ht, mmx, 3dnowpref, sse, sse2, sse3, ssse3, sse4.1, sse4.2, popcnt, lzcnt, tsc, tscinvbit, avx, avx2, aes, erms, clmul, bmi1, bmi2, adx, sha, fma, vzeroupper, clflush, clflushopt, clwb, hv, serialize, rdtscp, rdpid, fsrm, f16c, cet_ibt, cet_ss

Memory: 4k page, system-wide physical 15997M (2180M free)
TotalPageFile size 22182M (AvailPageFile size 2541M)
current process WorkingSet (physical memory assigned to process): 302M, peak: 328M
current process commit charge ("private bytes"): 576M, peak: 599M

vm_info: OpenJDK 64-Bit Server VM (20.0.2.1+10-FR) for windows-amd64 JRE (20.0.2.1+10-FR), built on 2023-08-19T09:18:31Z by "Administrator" with unknown MS VC++:1937

END.
