#
# A fatal error has been detected by the Java Runtime Environment:
#
#  EXCEPTION_ACCESS_VIOLATION (0xc0000005) at pc=0x00007ffeb9456407, pid=15072, tid=22092
#
# JRE version: OpenJDK Runtime Environment Corretto-20.0.2.10.1 (20.0.2.1+10) (build 20.0.2.1+10-FR)
# Java VM: OpenJDK 64-Bit Server VM Corretto-20.0.2.10.1 (20.0.2.1+10-FR, mixed mode, sharing, tiered, compressed oops, compressed class ptrs, g1 gc, windows-amd64)
# Problematic frame:
# C  [glass.dll+0x26407]
#
# No core dump will be written. Minidumps are not enabled by default on client versions of Windows
#
# If you would like to submit a bug report, please visit:
#   https://github.com/corretto/corretto-20/issues/
#

---------------  S U M M A R Y ------------

Command Line: -javaagent:C:\Users\jackj\IntelliJ IDEA 2023.1.1\lib\idea_rt.jar=60814:C:\Users\jackj\IntelliJ IDEA 2023.1.1\bin -Dfile.encoding=UTF-8 -Dsun.stdout.encoding=UTF-8 -Dsun.stderr.encoding=UTF-8 --module-path=C:\Users\jackj\.m2\repository\org\openjfx\javafx-base\20\javafx-base-20-win.jar;C:\Users\jackj\.m2\repository\org\openjfx\javafx-media\20\javafx-media-20-win.jar;C:\Users\jackj\UnitySaves\TetriJ\target\classes;C:\Users\jackj\.m2\repository\com\github\almasb\fxgl-entity\17.2\fxgl-entity-17.2.jar;C:\Users\jackj\.m2\repository\org\json\json\20210307\json-20210307.jar;C:\Users\jackj\.m2\repository\com\github\almasb\fxgl-io\17.2\fxgl-io-17.2.jar;C:\Users\jackj\.m2\repository\com\gluonhq\attach\util\4.0.13\util-4.0.13.jar;C:\Users\jackj\.m2\repository\com\fasterxml\jackson\core\jackson-annotations\2.12.1\jackson-annotations-2.12.1.jar;C:\Users\jackj\.m2\repository\com\gluonhq\attach\lifecycle\4.0.13\lifecycle-4.0.13.jar;C:\Users\jackj\.m2\repository\com\github\almasb\fxgl\17.2\fxgl-17.2.jar;C:\Users\jackj\.m2\repository\org\jetbrains\kotlin\kotlin-stdlib\1.6.0\kotlin-stdlib-1.6.0-modular.jar;C:\Users\jackj\.m2\repository\com\github\almasb\fxgl-scene\17.2\fxgl-scene-17.2.jar;C:\Users\jackj\.m2\repository\com\fasterxml\jackson\core\jackson-core\2.12.1\jackson-core-2.12.1.jar;C:\Users\jackj\.m2\repository\com\gluonhq\attach\audio\4.0.13\audio-4.0.13.jar;C:\Users\jackj\.m2\repository\org\openjfx\javafx-controls\20\javafx-controls-20-win.jar;C:\Users\jackj\.m2\repository\org\openjfx\javafx-graphics\20\javafx-graphics-20-win.jar;C:\Users\jackj\.m2\repository\com\fasterxml\jackson\core\jackson-databind\2.12.1\jackson-databind-2.12.1.jar;C:\Users\jackj\.m2\repository\junit\junit\4.13.2\junit-4.13.2.jar;C:\Users\jackj\.m2\repository\com\github\almasb\fxgl-gameplay\17.2\fxgl-gameplay-17.2.jar;C:\Users\jackj\.m2\repository\com\github\almasb\fxgl-core\17.2\fxgl-core-17.2.jar;C:\Users\jackj\.m2\repository\org\openjfx\javafx-fxml\20\javafx-fxml-20-win.jar;C:\Users\jackj\.m2\repository\com\gluonhq\attach\storage\4.0.13\storage-4.0.13.jar -Djdk.module.main=com.snust.tetrij com.snust.tetrij/com.snust.tetrij.MainMenu

Host: 12th Gen Intel(R) Core(TM) i7-1260P, 16 cores, 15G,  Windows 11 , 64 bit Build 22621 (10.0.22621.3527)
Time: Thu May 30 16:54:04 2024  Windows 11 , 64 bit Build 22621 (10.0.22621.3527) elapsed time: 20.521851 seconds (0d 0h 0m 20s)

---------------  T H R E A D  ---------------

Current thread (0x000002127fe03780):  VMThread "VM Thread" [stack: 0x000000bad6c00000,0x000000bad6d00000] [id=22092]

Stack: [0x000000bad6c00000,0x000000bad6d00000],  sp=0x000000bad6cff3f0,  free space=1020k
Native frames: (J=compiled Java code, j=interpreted, Vv=VM code, C=native code)
C  [glass.dll+0x26407]


siginfo: EXCEPTION_ACCESS_VIOLATION (0xc0000005), reading address 0x0000000000000000


Registers:
RAX=0x0000000000000000, RBX=0x000002127fe0e5f0, RCX=0x000002127fe03780, RDX=0x000000bad6cff3f0
RSP=0x000000bad6cff3f0, RBP=0x00000212571521d8, RSI=0x000000bad6cff4f8, RDI=0x00000212571521b0
R8 =0x0000000000010002, R9 =0x00000212571521b0, R10=0x85f13e9656da4870, R11=0x000000bad6cff380
R12=0x00007ffeb9453d40, R13=0x00007ffe84a96050, R14=0x0000607dba43fdc5, R15=0x00000212571521b0
RIP=0x00007ffeb9456407, EFLAGS=0x0000000000010206


Register to memory mapping:

RIP=0x00007ffeb9456407 glass.dll
RAX=0x0 is NULL
RBX=0x000002127fe0e5f0 is a global jni handle
RCX=0x000002127fe03780 points into unknown readable memory: 0x00007ffe848ac760 | 60 c7 8a 84 fe 7f 00 00
RDX=0x000000bad6cff3f0 points into unknown readable memory: 0x0000000000000000 | 00 00 00 00 00 00 00 00
RSP=0x000000bad6cff3f0 points into unknown readable memory: 0x0000000000000000 | 00 00 00 00 00 00 00 00
RBP=0x00000212571521d8 points into unknown readable memory: 0x0000607dba43fdc5 | c5 fd 43 ba 7d 60 00 00
RSI=0x000000bad6cff4f8 points into unknown readable memory: 0x000000bad6cff4e0 | e0 f4 cf d6 ba 00 00 00
RDI=0x00000212571521b0 points into unknown readable memory: 0x000f9faa92e4f6c5 | c5 f6 e4 92 aa 9f 0f 00
R8 =0x0000000000010002 is an unknown value
R9 =0x00000212571521b0 points into unknown readable memory: 0x000f9faa92e4f6c5 | c5 f6 e4 92 aa 9f 0f 00
R10=0x85f13e9656da4870 is an unknown value
R11=0x000000bad6cff380 points into unknown readable memory: 0x00000212571521b0 | b0 21 15 57 12 02 00 00
R12=0x00007ffeb9453d40 glass.dll
R13=0x00007ffe84a96050 jvm.dll
R14=0x0000607dba43fdc5 is an unknown value
R15=0x00000212571521b0 points into unknown readable memory: 0x000f9faa92e4f6c5 | c5 f6 e4 92 aa 9f 0f 00


Top of Stack: (sp=0x000000bad6cff3f0)
0x000000bad6cff3f0:   0000000000000000 000000bad6cff4f8
0x000000bad6cff400:   00007ffe84a96050 00007ffeb9453d40
0x000000bad6cff410:   00000212571521b8 00007fff0b2f3a93
0x000000bad6cff420:   00000212571521b0 0000021200000000
0x000000bad6cff430:   00000212571521d8 000000bad6cff4f8
0x000000bad6cff440:   fffffffffffffffe 0000000000000000
0x000000bad6cff450:   0000000000000001 00007ffeb9430000
0x000000bad6cff460:   000000bad6cff4e8 00007fff0b2c042e
0x000000bad6cff470:   0000000000000000 000000bad6cff4f8
0x000000bad6cff480:   000000bad6cff7e0 0000000000000001
0x000000bad6cff490:   0000000000000001 00007fff0b2bdddd
0x000000bad6cff4a0:   0000000000000000 00007ffeb9453539
0x000000bad6cff4b0:   00007fff06665ef0 000000bad6cff4e8
0x000000bad6cff4c0:   fffffffffffffffe 000000bad6cff4b0
0x000000bad6cff4d0:   0000000000000000 00007ffeb9453bcd
0x000000bad6cff4e0:   00007ffeb9469f88 00007fff00000002
0x000000bad6cff4f0:   0000000000000002 000000bad6cff4e0
0x000000bad6cff500:   0000000000000000 00007fff0de58603
0x000000bad6cff510:   0000000000000000 00007ffeb9453cf2
0x000000bad6cff520:   0000000000000001 0000000000000001
0x000000bad6cff530:   0000000000000001 0000000000000001
0x000000bad6cff540:   000002126ea0fb48 00007fff0a862223
0x000000bad6cff550:   0000021200000001 0000000000000016
0x000000bad6cff560:   00007ffeb9430000 000000007ffe0384
0x000000bad6cff570:   0000000000000000 00007fff0de5869f
0x000000bad6cff580:   00007ffeb9430000 0000000000000000
0x000000bad6cff590:   0000000000000001 000000007ffe0385
0x000000bad6cff5a0:   0000000000000000 00007fff0de812e9
0x000000bad6cff5b0:   0000343d58b47300 0000000000000014
0x000000bad6cff5c0:   00007ffeb9453d40 0000000000000000
0x000000bad6cff5d0:   0000000000000000 000000bad60e4000
0x000000bad6cff5e0:   0000021256fb3700 00007fff0de810a6 

Instructions: (pc=0x00007ffeb9456407)
0x00007ffeb9456307:   8b 4d 58 e8 7d cf ff ff 48 8b 4d 60 e8 74 cf ff
0x00007ffeb9456317:   ff 48 8b 95 80 00 00 00 48 8b 8d 18 01 00 00 e8
0x00007ffeb9456327:   66 c4 ff ff 33 d2 33 c9 e8 bc e1 ff ff 90 48 89
0x00007ffeb9456337:   54 24 10 55 48 83 ec 20 48 8b ea 48 b8 00 00 00
0x00007ffeb9456347:   00 00 00 00 00 48 83 c4 20 5d c3 cc 40 55 48 8b
0x00007ffeb9456357:   ea 48 8b 01 33 c9 81 38 05 00 00 c0 0f 94 c1 8b
0x00007ffeb9456367:   c1 5d c3 cc 40 55 48 83 ec 20 48 8b ea 8a 4d 40
0x00007ffeb9456377:   48 83 c4 20 5d e9 63 d3 ff ff cc 40 55 48 83 ec
0x00007ffeb9456387:   20 48 8b ea 8a 4d 20 e8 51 d3 ff ff 90 48 83 c4
0x00007ffeb9456397:   20 5d c3 cc 40 55 48 83 ec 20 48 8b ea 48 83 c4
0x00007ffeb94563a7:   20 5d e9 b2 d1 ff ff cc 40 55 48 83 ec 30 48 8b
0x00007ffeb94563b7:   ea 48 8b 01 8b 10 48 89 4c 24 28 89 54 24 20 4c
0x00007ffeb94563c7:   8d 0d 53 d6 ff ff 4c 8b 45 70 8b 55 68 48 8b 4d
0x00007ffeb94563d7:   60 e8 f3 d0 ff ff 90 48 83 c4 30 5d c3 cc cc cc
0x00007ffeb94563e7:   cc cc cc cc cc cc cc cc cc 40 53 48 83 ec 20 48
0x00007ffeb94563f7:   8b 1d 8b 35 01 00 48 85 db 74 16 e8 79 8b ff ff
0x00007ffeb9456407:   4c 8b 00 48 8b d3 48 8b c8 41 ff 90 b0 00 00 00
0x00007ffeb9456417:   90 48 83 c4 20 5b c3 cc cc 40 53 48 83 ec 20 48
0x00007ffeb9456427:   8b 1d fb 36 01 00 48 85 db 74 57 b8 ff ff ff ff
0x00007ffeb9456437:   f0 0f c1 43 10 83 f8 01 75 3d 48 85 db 74 38 48
0x00007ffeb9456447:   8b 0b 48 85 c9 74 0d ff 15 54 0e 00 00 48 c7 03
0x00007ffeb9456457:   00 00 00 00 48 8b 4b 08 48 85 c9 74 0d e8 23 ce
0x00007ffeb9456467:   ff ff 48 c7 43 08 00 00 00 00 ba 18 00 00 00 48
0x00007ffeb9456477:   8b cb e8 0e ce ff ff 48 c7 05 9f 36 01 00 00 00
0x00007ffeb9456487:   00 00 48 83 c4 20 5b c3 cc 40 53 48 83 ec 20 48
0x00007ffeb9456497:   8b 1d 6b 36 01 00 48 85 db 74 57 b8 ff ff ff ff
0x00007ffeb94564a7:   f0 0f c1 43 10 83 f8 01 75 3d 48 85 db 74 38 48
0x00007ffeb94564b7:   8b 0b 48 85 c9 74 0d ff 15 e4 0d 00 00 48 c7 03
0x00007ffeb94564c7:   00 00 00 00 48 8b 4b 08 48 85 c9 74 0d e8 b3 cd
0x00007ffeb94564d7:   ff ff 48 c7 43 08 00 00 00 00 ba 18 00 00 00 48
0x00007ffeb94564e7:   8b cb e8 9e cd ff ff 48 c7 05 0f 36 01 00 00 00
0x00007ffeb94564f7:   00 00 48 83 c4 20 5b c3 cc 40 53 48 83 ec 20 48 


Stack slot to memory mapping:
stack at sp + 0 slots: 0x0 is NULL
stack at sp + 1 slots: 0x000000bad6cff4f8 points into unknown readable memory: 0x000000bad6cff4e0 | e0 f4 cf d6 ba 00 00 00
stack at sp + 2 slots: 0x00007ffe84a96050 jvm.dll
stack at sp + 3 slots: 0x00007ffeb9453d40 glass.dll
stack at sp + 4 slots: 0x00000212571521b8 points into unknown readable memory: 0x0000607dba43fdc5 | c5 fd 43 ba 7d 60 00 00
stack at sp + 5 slots: 0x00007fff0b2f3a93 ucrtbase.dll
stack at sp + 6 slots: 0x00000212571521b0 points into unknown readable memory: 0x000f9faa92e4f6c5 | c5 f6 e4 92 aa 9f 0f 00
stack at sp + 7 slots: 0x0000021200000000 points into unknown readable memory: 0x0000000000000009 | 09 00 00 00 00 00 00 00

VM_Operation (0x000000bad76ff410): Exit, mode: safepoint, requested by thread 0x0000021257573050


---------------  P R O C E S S  ---------------

Threads class SMR info:
_java_thread_list=0x0000021261c0b760, length=23, elements={
0x0000021270de3670, 0x000002127fe20210, 0x000002127fe21010, 0x000002127fe21f40,
0x000002127fe23d20, 0x000002127fe267a0, 0x000002127fe270e0, 0x000002127fe28210,
0x000002127fe2b850, 0x00000212560e89c0, 0x0000021256901b80, 0x000002125695f4b0,
0x0000021256d9fe10, 0x00000212572030f0, 0x0000021257207120, 0x000002125725e210,
0x00000212573ee770, 0x0000021257572b00, 0x0000021257574040, 0x0000021257574590,
0x0000021256080060, 0x0000021257573050, 0x00000212575735a0
}

Java Threads: ( => current thread )
  0x0000021270de3670 JavaThread "main" [_thread_blocked, id=3752, stack(0x000000bad6600000,0x000000bad6700000)]
  0x000002127fe20210 JavaThread "Reference Handler" daemon [_thread_blocked, id=26264, stack(0x000000bad6d00000,0x000000bad6e00000)]
  0x000002127fe21010 JavaThread "Finalizer" daemon [_thread_blocked, id=22176, stack(0x000000bad6e00000,0x000000bad6f00000)]
  0x000002127fe21f40 JavaThread "Signal Dispatcher" daemon [_thread_blocked, id=18588, stack(0x000000bad6f00000,0x000000bad7000000)]
  0x000002127fe23d20 JavaThread "Attach Listener" daemon [_thread_blocked, id=25348, stack(0x000000bad7000000,0x000000bad7100000)]
  0x000002127fe267a0 JavaThread "Service Thread" daemon [_thread_blocked, id=11368, stack(0x000000bad7100000,0x000000bad7200000)]
  0x000002127fe270e0 JavaThread "Monitor Deflation Thread" daemon [_thread_blocked, id=16448, stack(0x000000bad7200000,0x000000bad7300000)]
  0x000002127fe28210 JavaThread "C2 CompilerThread0" daemon [_thread_blocked, id=7008, stack(0x000000bad7300000,0x000000bad7400000)]
  0x000002127fe2b850 JavaThread "C1 CompilerThread0" daemon [_thread_blocked, id=2968, stack(0x000000bad7400000,0x000000bad7500000)]
  0x00000212560e89c0 JavaThread "Common-Cleaner" daemon [_thread_blocked, id=24932, stack(0x000000bad7700000,0x000000bad7800000)]
  0x0000021256901b80 JavaThread "Monitor Ctrl-Break" daemon [_thread_in_native, id=13152, stack(0x000000bad7e00000,0x000000bad7f00000)]
  0x000002125695f4b0 JavaThread "Notification Thread" daemon [_thread_blocked, id=17032, stack(0x000000bad7f00000,0x000000bad8000000)]
  0x0000021256d9fe10 JavaThread "QuantumRenderer-0" daemon [_thread_blocked, id=7884, stack(0x000000bad8100000,0x000000bad8200000)]
  0x00000212572030f0 JavaThread "InvokeLaterDispatcher" daemon [_thread_blocked, id=8704, stack(0x000000bad8600000,0x000000bad8700000)]
  0x0000021257207120 JavaThread "JavaFX Application Thread" [_thread_blocked, id=8548, stack(0x000000bad8700000,0x000000bad8800000)]
  0x000002125725e210 JavaThread "JavaFX-Launcher" [_thread_blocked, id=23780, stack(0x000000bad7a00000,0x000000bad7b00000)]
  0x00000212573ee770 JavaThread "Thread-2" daemon [_thread_in_native, id=2956, stack(0x000000bad7900000,0x000000bad7a00000)]
  0x0000021257572b00 JavaThread "Prism Font Disposer" daemon [_thread_blocked, id=7680, stack(0x000000bad8b00000,0x000000bad8c00000)]
  0x0000021257574040 JavaThread "Cleaner-0" daemon [_thread_blocked, id=17988, stack(0x000000bad9200000,0x000000bad9300000)]
  0x0000021257574590 JavaThread "Single Play" [_thread_blocked, id=16228, stack(0x000000bad9800000,0x000000bad9900000)]
  0x0000021256080060 JavaThread "C1 CompilerThread1" daemon [_thread_blocked, id=25124, stack(0x000000bad7500000,0x000000bad7600000)]
  0x0000021257573050 JavaThread "SIGINT handler" daemon [_thread_blocked, id=26128, stack(0x000000bad7600000,0x000000bad7700000)]
  0x00000212575735a0 JavaThread "Glass/Prism Shutdown Hook" [_thread_blocked, id=25400, stack(0x000000bad9900000,0x000000bad9a00000)]

Other Threads:
=>0x000002127fe03780 VMThread "VM Thread" [stack: 0x000000bad6c00000,0x000000bad6d00000] [id=22092]
  0x0000021270e553f0 WorkerThread "GC Thread#0" [stack: 0x000000bad6700000,0x000000bad6800000] [id=14892]
  0x000002125615a5e0 WorkerThread "GC Thread#1" [stack: 0x000000bad7b00000,0x000000bad7c00000] [id=25068]
  0x000002125615a040 WorkerThread "GC Thread#2" [stack: 0x000000bad7d00000,0x000000bad7e00000] [id=24960]
  0x0000021256159500 WorkerThread "GC Thread#3" [stack: 0x000000bad8800000,0x000000bad8900000] [id=3512]
  0x000002125615a310 WorkerThread "GC Thread#4" [stack: 0x000000bad8900000,0x000000bad8a00000] [id=1344]
  0x000002125615ae50 WorkerThread "GC Thread#5" [stack: 0x000000bad8a00000,0x000000bad8b00000] [id=25144]
  0x00000212576a5300 WorkerThread "GC Thread#6" [stack: 0x000000bad8d00000,0x000000bad8e00000] [id=1304]
  0x00000212576a63e0 WorkerThread "GC Thread#7" [stack: 0x000000bad8e00000,0x000000bad8f00000] [id=24092]
  0x00000212576a66b0 WorkerThread "GC Thread#8" [stack: 0x000000bad9300000,0x000000bad9400000] [id=18856]
  0x00000212576a39b0 WorkerThread "GC Thread#9" [stack: 0x000000bad9400000,0x000000bad9500000] [id=26332]
  0x00000212576a4220 WorkerThread "GC Thread#10" [stack: 0x000000bad9500000,0x000000bad9600000] [id=26108]
  0x00000212576a44f0 WorkerThread "GC Thread#11" [stack: 0x000000bad9600000,0x000000bad9700000] [id=6664]
  0x00000212576a36e0 WorkerThread "GC Thread#12" [stack: 0x000000bad9700000,0x000000bad9800000] [id=25296]
  0x0000021270e65ea0 ConcurrentGCThread "G1 Main Marker" terminated
  0x0000021270e668d0 WorkerThread "G1 Conc#0" [stack: 0x000000bad6900000,0x000000bad6a00000] [id=24836]
  0x000002127fcc48c0 ConcurrentGCThread "G1 Refine#0" terminated
  0x000002127fcc5360 ConcurrentGCThread "G1 Service" terminated

Threads with active compile tasks:

VM state: at safepoint (shutting down)

VM Mutex/Monitor currently owned by a thread:  ([mutex/lock_event])
[0x0000021270ddfb30] Threads_lock - owner thread: 0x000002127fe03780
[0x0000021270dddf10] Heap_lock - owner thread: 0x0000021257573050

Heap address: 0x0000000706000000, size: 4000 MB, Compressed Oops mode: Zero based, Oop shift amount: 3

CDS archive(s) mapped at: [0x0000021211000000-0x0000021211c60000-0x0000021211c60000), size 12976128, SharedBaseAddress: 0x0000021211000000, ArchiveRelocationMode: 1.
Compressed class space mapped at: 0x0000021212000000-0x0000021252000000, reserved size: 1073741824
Narrow klass base: 0x0000021211000000, Narrow klass shift: 0, Narrow klass range: 0x100000000

GC Precious Log:
 CardTable entry size: 512
 Card Set container configuration: InlinePtr #cards 4 size 8 Array Of Cards #cards 16 size 48 Howl #buckets 8 coarsen threshold 3686 Howl Bitmap #cards 512 size 80 coarsen threshold 460 Card regions per heap region 1 cards per card region 4096
 CPUs: 16 total, 16 available
 Memory: 15997M
 Large Page Support: Disabled
 NUMA Support: Disabled
 Compressed Oops: Enabled (Zero based)
 Heap Region Size: 2M
 Heap Min Capacity: 8M
 Heap Initial Capacity: 250M
 Heap Max Capacity: 4000M
 Pre-touch: Disabled
 Parallel Workers: 13
 Concurrent Workers: 3
 Concurrent Refinement Workers: 13
 Periodic GC: Disabled

Heap:
 garbage-first heap   total 256000K, used 18609K [0x0000000706000000, 0x0000000800000000)
  region size 2048K, 8 young (16384K), 3 survivors (6144K)
 Metaspace       used 15390K, committed 15744K, reserved 1114112K
  class space    used 1953K, committed 2112K, reserved 1048576K

Heap Regions: E=young(eden), S=young(survivor), O=old, HS=humongous(starts), HC=humongous(continues), CS=collection set, F=free, OA=open archive, CA=closed archive, TAMS=top-at-mark-start, PB=parsable bottom
|   0|0x0000000706000000, 0x0000000706200000, 0x0000000706200000|100%|HS|  |TAMS 0x0000000706000000| PB 0x0000000706000000| Complete 
|   1|0x0000000706200000, 0x0000000706400000, 0x0000000706400000|100%| O|  |TAMS 0x0000000706200000| PB 0x0000000706200000| Untracked 
|   2|0x0000000706400000, 0x000000070642c600, 0x0000000706600000|  8%| O|  |TAMS 0x0000000706400000| PB 0x0000000706400000| Untracked 
|   3|0x0000000706600000, 0x0000000706600000, 0x0000000706800000|  0%| F|  |TAMS 0x0000000706600000| PB 0x0000000706600000| Untracked 
|   4|0x0000000706800000, 0x0000000706800000, 0x0000000706a00000|  0%| F|  |TAMS 0x0000000706800000| PB 0x0000000706800000| Untracked 
|   5|0x0000000706a00000, 0x0000000706a00000, 0x0000000706c00000|  0%| F|  |TAMS 0x0000000706a00000| PB 0x0000000706a00000| Untracked 
|   6|0x0000000706c00000, 0x0000000706c00000, 0x0000000706e00000|  0%| F|  |TAMS 0x0000000706c00000| PB 0x0000000706c00000| Untracked 
|   7|0x0000000706e00000, 0x0000000706e00000, 0x0000000707000000|  0%| F|  |TAMS 0x0000000706e00000| PB 0x0000000706e00000| Untracked 
|   8|0x0000000707000000, 0x0000000707000000, 0x0000000707200000|  0%| F|  |TAMS 0x0000000707000000| PB 0x0000000707000000| Untracked 
|   9|0x0000000707200000, 0x0000000707200000, 0x0000000707400000|  0%| F|  |TAMS 0x0000000707200000| PB 0x0000000707200000| Untracked 
|  10|0x0000000707400000, 0x0000000707400000, 0x0000000707600000|  0%| F|  |TAMS 0x0000000707400000| PB 0x0000000707400000| Untracked 
|  11|0x0000000707600000, 0x0000000707600000, 0x0000000707800000|  0%| F|  |TAMS 0x0000000707600000| PB 0x0000000707600000| Untracked 
|  12|0x0000000707800000, 0x0000000707800000, 0x0000000707a00000|  0%| F|  |TAMS 0x0000000707800000| PB 0x0000000707800000| Untracked 
|  13|0x0000000707a00000, 0x0000000707a00000, 0x0000000707c00000|  0%| F|  |TAMS 0x0000000707a00000| PB 0x0000000707a00000| Untracked 
|  14|0x0000000707c00000, 0x0000000707c00000, 0x0000000707e00000|  0%| F|  |TAMS 0x0000000707c00000| PB 0x0000000707c00000| Untracked 
|  15|0x0000000707e00000, 0x0000000707e00000, 0x0000000708000000|  0%| F|  |TAMS 0x0000000707e00000| PB 0x0000000707e00000| Untracked 
|  16|0x0000000708000000, 0x0000000708000000, 0x0000000708200000|  0%| F|  |TAMS 0x0000000708000000| PB 0x0000000708000000| Untracked 
|  17|0x0000000708200000, 0x0000000708200000, 0x0000000708400000|  0%| F|  |TAMS 0x0000000708200000| PB 0x0000000708200000| Untracked 
|  18|0x0000000708400000, 0x0000000708400000, 0x0000000708600000|  0%| F|  |TAMS 0x0000000708400000| PB 0x0000000708400000| Untracked 
|  19|0x0000000708600000, 0x0000000708600000, 0x0000000708800000|  0%| F|  |TAMS 0x0000000708600000| PB 0x0000000708600000| Untracked 
|  20|0x0000000708800000, 0x0000000708800000, 0x0000000708a00000|  0%| F|  |TAMS 0x0000000708800000| PB 0x0000000708800000| Untracked 
|  21|0x0000000708a00000, 0x0000000708a00000, 0x0000000708c00000|  0%| F|  |TAMS 0x0000000708a00000| PB 0x0000000708a00000| Untracked 
|  22|0x0000000708c00000, 0x0000000708c00000, 0x0000000708e00000|  0%| F|  |TAMS 0x0000000708c00000| PB 0x0000000708c00000| Untracked 
|  23|0x0000000708e00000, 0x0000000708e00000, 0x0000000709000000|  0%| F|  |TAMS 0x0000000708e00000| PB 0x0000000708e00000| Untracked 
|  24|0x0000000709000000, 0x0000000709000000, 0x0000000709200000|  0%| F|  |TAMS 0x0000000709000000| PB 0x0000000709000000| Untracked 
|  25|0x0000000709200000, 0x0000000709200000, 0x0000000709400000|  0%| F|  |TAMS 0x0000000709200000| PB 0x0000000709200000| Untracked 
|  26|0x0000000709400000, 0x0000000709400000, 0x0000000709600000|  0%| F|  |TAMS 0x0000000709400000| PB 0x0000000709400000| Untracked 
|  27|0x0000000709600000, 0x0000000709600000, 0x0000000709800000|  0%| F|  |TAMS 0x0000000709600000| PB 0x0000000709600000| Untracked 
|  28|0x0000000709800000, 0x0000000709800000, 0x0000000709a00000|  0%| F|  |TAMS 0x0000000709800000| PB 0x0000000709800000| Untracked 
|  29|0x0000000709a00000, 0x0000000709a00000, 0x0000000709c00000|  0%| F|  |TAMS 0x0000000709a00000| PB 0x0000000709a00000| Untracked 
|  30|0x0000000709c00000, 0x0000000709c00000, 0x0000000709e00000|  0%| F|  |TAMS 0x0000000709c00000| PB 0x0000000709c00000| Untracked 
|  31|0x0000000709e00000, 0x0000000709e00000, 0x000000070a000000|  0%| F|  |TAMS 0x0000000709e00000| PB 0x0000000709e00000| Untracked 
|  32|0x000000070a000000, 0x000000070a000000, 0x000000070a200000|  0%| F|  |TAMS 0x000000070a000000| PB 0x000000070a000000| Untracked 
|  33|0x000000070a200000, 0x000000070a200000, 0x000000070a400000|  0%| F|  |TAMS 0x000000070a200000| PB 0x000000070a200000| Untracked 
|  34|0x000000070a400000, 0x000000070a400000, 0x000000070a600000|  0%| F|  |TAMS 0x000000070a400000| PB 0x000000070a400000| Untracked 
|  35|0x000000070a600000, 0x000000070a600000, 0x000000070a800000|  0%| F|  |TAMS 0x000000070a600000| PB 0x000000070a600000| Untracked 
|  36|0x000000070a800000, 0x000000070a800000, 0x000000070aa00000|  0%| F|  |TAMS 0x000000070a800000| PB 0x000000070a800000| Untracked 
|  37|0x000000070aa00000, 0x000000070aa00000, 0x000000070ac00000|  0%| F|  |TAMS 0x000000070aa00000| PB 0x000000070aa00000| Untracked 
|  38|0x000000070ac00000, 0x000000070ac00000, 0x000000070ae00000|  0%| F|  |TAMS 0x000000070ac00000| PB 0x000000070ac00000| Untracked 
|  39|0x000000070ae00000, 0x000000070ae00000, 0x000000070b000000|  0%| F|  |TAMS 0x000000070ae00000| PB 0x000000070ae00000| Untracked 
|  40|0x000000070b000000, 0x000000070b000000, 0x000000070b200000|  0%| F|  |TAMS 0x000000070b000000| PB 0x000000070b000000| Untracked 
|  41|0x000000070b200000, 0x000000070b200000, 0x000000070b400000|  0%| F|  |TAMS 0x000000070b200000| PB 0x000000070b200000| Untracked 
|  42|0x000000070b400000, 0x000000070b400000, 0x000000070b600000|  0%| F|  |TAMS 0x000000070b400000| PB 0x000000070b400000| Untracked 
|  43|0x000000070b600000, 0x000000070b600000, 0x000000070b800000|  0%| F|  |TAMS 0x000000070b600000| PB 0x000000070b600000| Untracked 
|  44|0x000000070b800000, 0x000000070b800000, 0x000000070ba00000|  0%| F|  |TAMS 0x000000070b800000| PB 0x000000070b800000| Untracked 
|  45|0x000000070ba00000, 0x000000070ba00000, 0x000000070bc00000|  0%| F|  |TAMS 0x000000070ba00000| PB 0x000000070ba00000| Untracked 
|  46|0x000000070bc00000, 0x000000070bc00000, 0x000000070be00000|  0%| F|  |TAMS 0x000000070bc00000| PB 0x000000070bc00000| Untracked 
|  47|0x000000070be00000, 0x000000070be00000, 0x000000070c000000|  0%| F|  |TAMS 0x000000070be00000| PB 0x000000070be00000| Untracked 
|  48|0x000000070c000000, 0x000000070c000000, 0x000000070c200000|  0%| F|  |TAMS 0x000000070c000000| PB 0x000000070c000000| Untracked 
|  49|0x000000070c200000, 0x000000070c200000, 0x000000070c400000|  0%| F|  |TAMS 0x000000070c200000| PB 0x000000070c200000| Untracked 
|  50|0x000000070c400000, 0x000000070c400000, 0x000000070c600000|  0%| F|  |TAMS 0x000000070c400000| PB 0x000000070c400000| Untracked 
|  51|0x000000070c600000, 0x000000070c600000, 0x000000070c800000|  0%| F|  |TAMS 0x000000070c600000| PB 0x000000070c600000| Untracked 
|  52|0x000000070c800000, 0x000000070c800000, 0x000000070ca00000|  0%| F|  |TAMS 0x000000070c800000| PB 0x000000070c800000| Untracked 
|  53|0x000000070ca00000, 0x000000070ca00000, 0x000000070cc00000|  0%| F|  |TAMS 0x000000070ca00000| PB 0x000000070ca00000| Untracked 
|  54|0x000000070cc00000, 0x000000070cc00000, 0x000000070ce00000|  0%| F|  |TAMS 0x000000070cc00000| PB 0x000000070cc00000| Untracked 
|  55|0x000000070ce00000, 0x000000070ce00000, 0x000000070d000000|  0%| F|  |TAMS 0x000000070ce00000| PB 0x000000070ce00000| Untracked 
|  56|0x000000070d000000, 0x000000070d000000, 0x000000070d200000|  0%| F|  |TAMS 0x000000070d000000| PB 0x000000070d000000| Untracked 
|  57|0x000000070d200000, 0x000000070d200000, 0x000000070d400000|  0%| F|  |TAMS 0x000000070d200000| PB 0x000000070d200000| Untracked 
|  58|0x000000070d400000, 0x000000070d400000, 0x000000070d600000|  0%| F|  |TAMS 0x000000070d400000| PB 0x000000070d400000| Untracked 
|  59|0x000000070d600000, 0x000000070d600000, 0x000000070d800000|  0%| F|  |TAMS 0x000000070d600000| PB 0x000000070d600000| Untracked 
|  60|0x000000070d800000, 0x000000070d800000, 0x000000070da00000|  0%| F|  |TAMS 0x000000070d800000| PB 0x000000070d800000| Untracked 
|  61|0x000000070da00000, 0x000000070da00000, 0x000000070dc00000|  0%| F|  |TAMS 0x000000070da00000| PB 0x000000070da00000| Untracked 
|  62|0x000000070dc00000, 0x000000070dc00000, 0x000000070de00000|  0%| F|  |TAMS 0x000000070dc00000| PB 0x000000070dc00000| Untracked 
|  63|0x000000070de00000, 0x000000070de00000, 0x000000070e000000|  0%| F|  |TAMS 0x000000070de00000| PB 0x000000070de00000| Untracked 
|  64|0x000000070e000000, 0x000000070e000000, 0x000000070e200000|  0%| F|  |TAMS 0x000000070e000000| PB 0x000000070e000000| Untracked 
|  65|0x000000070e200000, 0x000000070e200000, 0x000000070e400000|  0%| F|  |TAMS 0x000000070e200000| PB 0x000000070e200000| Untracked 
|  66|0x000000070e400000, 0x000000070e400000, 0x000000070e600000|  0%| F|  |TAMS 0x000000070e400000| PB 0x000000070e400000| Untracked 
|  67|0x000000070e600000, 0x000000070e600000, 0x000000070e800000|  0%| F|  |TAMS 0x000000070e600000| PB 0x000000070e600000| Untracked 
|  68|0x000000070e800000, 0x000000070e800000, 0x000000070ea00000|  0%| F|  |TAMS 0x000000070e800000| PB 0x000000070e800000| Untracked 
|  69|0x000000070ea00000, 0x000000070ea00000, 0x000000070ec00000|  0%| F|  |TAMS 0x000000070ea00000| PB 0x000000070ea00000| Untracked 
|  70|0x000000070ec00000, 0x000000070ec00000, 0x000000070ee00000|  0%| F|  |TAMS 0x000000070ec00000| PB 0x000000070ec00000| Untracked 
|  71|0x000000070ee00000, 0x000000070ee00000, 0x000000070f000000|  0%| F|  |TAMS 0x000000070ee00000| PB 0x000000070ee00000| Untracked 
|  72|0x000000070f000000, 0x000000070f000000, 0x000000070f200000|  0%| F|  |TAMS 0x000000070f000000| PB 0x000000070f000000| Untracked 
|  73|0x000000070f200000, 0x000000070f200000, 0x000000070f400000|  0%| F|  |TAMS 0x000000070f200000| PB 0x000000070f200000| Untracked 
|  74|0x000000070f400000, 0x000000070f400000, 0x000000070f600000|  0%| F|  |TAMS 0x000000070f400000| PB 0x000000070f400000| Untracked 
|  75|0x000000070f600000, 0x000000070f600000, 0x000000070f800000|  0%| F|  |TAMS 0x000000070f600000| PB 0x000000070f600000| Untracked 
|  76|0x000000070f800000, 0x000000070f800000, 0x000000070fa00000|  0%| F|  |TAMS 0x000000070f800000| PB 0x000000070f800000| Untracked 
|  77|0x000000070fa00000, 0x000000070fa00000, 0x000000070fc00000|  0%| F|  |TAMS 0x000000070fa00000| PB 0x000000070fa00000| Untracked 
|  78|0x000000070fc00000, 0x000000070fc00000, 0x000000070fe00000|  0%| F|  |TAMS 0x000000070fc00000| PB 0x000000070fc00000| Untracked 
|  79|0x000000070fe00000, 0x000000070fe00000, 0x0000000710000000|  0%| F|  |TAMS 0x000000070fe00000| PB 0x000000070fe00000| Untracked 
|  80|0x0000000710000000, 0x0000000710000000, 0x0000000710200000|  0%| F|  |TAMS 0x0000000710000000| PB 0x0000000710000000| Untracked 
|  81|0x0000000710200000, 0x0000000710200000, 0x0000000710400000|  0%| F|  |TAMS 0x0000000710200000| PB 0x0000000710200000| Untracked 
|  82|0x0000000710400000, 0x0000000710400000, 0x0000000710600000|  0%| F|  |TAMS 0x0000000710400000| PB 0x0000000710400000| Untracked 
|  83|0x0000000710600000, 0x0000000710600000, 0x0000000710800000|  0%| F|  |TAMS 0x0000000710600000| PB 0x0000000710600000| Untracked 
|  84|0x0000000710800000, 0x0000000710800000, 0x0000000710a00000|  0%| F|  |TAMS 0x0000000710800000| PB 0x0000000710800000| Untracked 
|  85|0x0000000710a00000, 0x0000000710a00000, 0x0000000710c00000|  0%| F|  |TAMS 0x0000000710a00000| PB 0x0000000710a00000| Untracked 
|  86|0x0000000710c00000, 0x0000000710c00000, 0x0000000710e00000|  0%| F|  |TAMS 0x0000000710c00000| PB 0x0000000710c00000| Untracked 
|  87|0x0000000710e00000, 0x0000000710e00000, 0x0000000711000000|  0%| F|  |TAMS 0x0000000710e00000| PB 0x0000000710e00000| Untracked 
|  88|0x0000000711000000, 0x0000000711000000, 0x0000000711200000|  0%| F|  |TAMS 0x0000000711000000| PB 0x0000000711000000| Untracked 
|  89|0x0000000711200000, 0x0000000711200000, 0x0000000711400000|  0%| F|  |TAMS 0x0000000711200000| PB 0x0000000711200000| Untracked 
|  90|0x0000000711400000, 0x0000000711400000, 0x0000000711600000|  0%| F|  |TAMS 0x0000000711400000| PB 0x0000000711400000| Untracked 
|  91|0x0000000711600000, 0x0000000711600000, 0x0000000711800000|  0%| F|  |TAMS 0x0000000711600000| PB 0x0000000711600000| Untracked 
|  92|0x0000000711800000, 0x0000000711800000, 0x0000000711a00000|  0%| F|  |TAMS 0x0000000711800000| PB 0x0000000711800000| Untracked 
|  93|0x0000000711a00000, 0x0000000711a00000, 0x0000000711c00000|  0%| F|  |TAMS 0x0000000711a00000| PB 0x0000000711a00000| Untracked 
|  94|0x0000000711c00000, 0x0000000711c00000, 0x0000000711e00000|  0%| F|  |TAMS 0x0000000711c00000| PB 0x0000000711c00000| Untracked 
|  95|0x0000000711e00000, 0x0000000711e00000, 0x0000000712000000|  0%| F|  |TAMS 0x0000000711e00000| PB 0x0000000711e00000| Untracked 
|  96|0x0000000712000000, 0x0000000712000000, 0x0000000712200000|  0%| F|  |TAMS 0x0000000712000000| PB 0x0000000712000000| Untracked 
|  97|0x0000000712200000, 0x0000000712200000, 0x0000000712400000|  0%| F|  |TAMS 0x0000000712200000| PB 0x0000000712200000| Untracked 
|  98|0x0000000712400000, 0x0000000712400000, 0x0000000712600000|  0%| F|  |TAMS 0x0000000712400000| PB 0x0000000712400000| Untracked 
|  99|0x0000000712600000, 0x0000000712600000, 0x0000000712800000|  0%| F|  |TAMS 0x0000000712600000| PB 0x0000000712600000| Untracked 
| 100|0x0000000712800000, 0x0000000712800000, 0x0000000712a00000|  0%| F|  |TAMS 0x0000000712800000| PB 0x0000000712800000| Untracked 
| 101|0x0000000712a00000, 0x0000000712a00000, 0x0000000712c00000|  0%| F|  |TAMS 0x0000000712a00000| PB 0x0000000712a00000| Untracked 
| 102|0x0000000712c00000, 0x0000000712c00000, 0x0000000712e00000|  0%| F|  |TAMS 0x0000000712c00000| PB 0x0000000712c00000| Untracked 
| 103|0x0000000712e00000, 0x0000000713000000, 0x0000000713000000|100%| S|CS|TAMS 0x0000000712e00000| PB 0x0000000712e00000| Complete 
| 104|0x0000000713000000, 0x0000000713200000, 0x0000000713200000|100%| S|CS|TAMS 0x0000000713000000| PB 0x0000000713000000| Complete 
| 105|0x0000000713200000, 0x0000000713400000, 0x0000000713400000|100%| S|CS|TAMS 0x0000000713200000| PB 0x0000000713200000| Complete 
| 106|0x0000000713400000, 0x0000000713400000, 0x0000000713600000|  0%| F|  |TAMS 0x0000000713400000| PB 0x0000000713400000| Untracked 
| 107|0x0000000713600000, 0x0000000713600000, 0x0000000713800000|  0%| F|  |TAMS 0x0000000713600000| PB 0x0000000713600000| Untracked 
| 108|0x0000000713800000, 0x0000000713800000, 0x0000000713a00000|  0%| F|  |TAMS 0x0000000713800000| PB 0x0000000713800000| Untracked 
| 109|0x0000000713a00000, 0x0000000713a00000, 0x0000000713c00000|  0%| F|  |TAMS 0x0000000713a00000| PB 0x0000000713a00000| Untracked 
| 110|0x0000000713c00000, 0x0000000713c00000, 0x0000000713e00000|  0%| F|  |TAMS 0x0000000713c00000| PB 0x0000000713c00000| Untracked 
| 111|0x0000000713e00000, 0x0000000713e00000, 0x0000000714000000|  0%| F|  |TAMS 0x0000000713e00000| PB 0x0000000713e00000| Untracked 
| 112|0x0000000714000000, 0x0000000714000000, 0x0000000714200000|  0%| F|  |TAMS 0x0000000714000000| PB 0x0000000714000000| Untracked 
| 113|0x0000000714200000, 0x0000000714200000, 0x0000000714400000|  0%| F|  |TAMS 0x0000000714200000| PB 0x0000000714200000| Untracked 
| 114|0x0000000714400000, 0x0000000714400000, 0x0000000714600000|  0%| F|  |TAMS 0x0000000714400000| PB 0x0000000714400000| Untracked 
| 115|0x0000000714600000, 0x0000000714600000, 0x0000000714800000|  0%| F|  |TAMS 0x0000000714600000| PB 0x0000000714600000| Untracked 
| 116|0x0000000714800000, 0x0000000714800000, 0x0000000714a00000|  0%| F|  |TAMS 0x0000000714800000| PB 0x0000000714800000| Untracked 
| 117|0x0000000714a00000, 0x0000000714a00000, 0x0000000714c00000|  0%| F|  |TAMS 0x0000000714a00000| PB 0x0000000714a00000| Untracked 
| 118|0x0000000714c00000, 0x0000000714c00000, 0x0000000714e00000|  0%| F|  |TAMS 0x0000000714c00000| PB 0x0000000714c00000| Untracked 
| 119|0x0000000714e00000, 0x0000000714e00000, 0x0000000715000000|  0%| F|  |TAMS 0x0000000714e00000| PB 0x0000000714e00000| Untracked 
| 120|0x0000000715000000, 0x00000007151f5f58, 0x0000000715200000| 98%| E|  |TAMS 0x0000000715000000| PB 0x0000000715000000| Complete 
| 121|0x0000000715200000, 0x0000000715400000, 0x0000000715400000|100%| E|CS|TAMS 0x0000000715200000| PB 0x0000000715200000| Complete 
| 122|0x0000000715400000, 0x0000000715600000, 0x0000000715600000|100%| E|CS|TAMS 0x0000000715400000| PB 0x0000000715400000| Complete 
| 123|0x0000000715600000, 0x0000000715800000, 0x0000000715800000|100%| E|CS|TAMS 0x0000000715600000| PB 0x0000000715600000| Complete 
| 124|0x0000000715800000, 0x0000000715a00000, 0x0000000715a00000|100%| E|CS|TAMS 0x0000000715800000| PB 0x0000000715800000| Complete 

Card table byte_map: [0x000002127a170000,0x000002127a940000] _byte_map_base: 0x0000021276940000

Marking Bits: (CMBitMap*) 0x0000021270e55a20
 Bits: [0x000002127b110000, 0x000002127ef90000)

Polling page: 0x000002126ed20000

Metaspace:

Usage:
  Non-class:     13.12 MB used.
      Class:      1.91 MB used.
       Both:     15.03 MB used.

Virtual space:
  Non-class space:       64.00 MB reserved,      13.31 MB ( 21%) committed,  1 nodes.
      Class space:        1.00 GB reserved,       2.06 MB ( <1%) committed,  1 nodes.
             Both:        1.06 GB reserved,      15.38 MB (  1%) committed. 

Chunk freelists:
   Non-Class:  2.28 MB
       Class:  1.92 MB
        Both:  4.20 MB

MaxMetaspaceSize: unlimited
CompressedClassSpaceSize: 1.00 GB
Initial GC threshold: 21.00 MB
Current GC threshold: 21.00 MB
CDS: on
MetaspaceReclaimPolicy: balanced
 - commit_granule_bytes: 65536.
 - commit_granule_words: 8192.
 - virtual_space_node_default_size: 8388608.
 - enlarge_chunks_in_place: 1.
 - new_chunks_are_fully_committed: 0.
 - uncommit_free_chunks: 1.
 - use_allocation_guard: 0.


Internal statistics:

num_allocs_failed_limit: 0.
num_arena_births: 330.
num_arena_deaths: 0.
num_vsnodes_births: 2.
num_vsnodes_deaths: 0.
num_space_committed: 246.
num_space_uncommitted: 0.
num_chunks_returned_to_freelist: 0.
num_chunks_taken_from_freelist: 824.
num_chunk_merges: 0.
num_chunk_splits: 548.
num_chunks_enlarged: 394.
num_inconsistent_stats: 0.

CodeHeap 'non-profiled nmethods': size=119168Kb used=1141Kb max_used=1141Kb free=118026Kb
 bounds [0x0000021207ba0000, 0x0000021207e10000, 0x000002120f000000]
CodeHeap 'profiled nmethods': size=119104Kb used=7198Kb max_used=7198Kb free=111905Kb
 bounds [0x0000021200000000, 0x0000021200710000, 0x0000021207450000]
CodeHeap 'non-nmethods': size=7488Kb used=2397Kb max_used=3562Kb free=5090Kb
 bounds [0x0000021207450000, 0x00000212077d0000, 0x0000021207ba0000]
 total_blobs=4225 nmethods=3427 adapters=707
 compilation: enabled
              stopped_count=0, restarted_count=0
 full_count=0

Compilation events (20 events):
Event: 17.217 Thread 0x0000021256080060 3419       3       java.util.WeakHashMap$EntryIterator::next (5 bytes)
Event: 17.217 Thread 0x000002127fe2b850 3420       3       java.util.WeakHashMap$EntryIterator::next (5 bytes)
Event: 17.218 Thread 0x000002127fe2b850 nmethod 3420 0x0000021200704e90 code [0x0000021200705020, 0x00000212007051d8]
Event: 17.218 Thread 0x0000021256080060 nmethod 3419 0x0000021200705290 code [0x0000021200705420, 0x0000021200705648]
Event: 17.250 Thread 0x0000021256080060 3421       1       com.sun.glass.ui.InvokeLaterDispatcher$Future::isDone (5 bytes)
Event: 17.250 Thread 0x0000021256080060 nmethod 3421 0x0000021207cbc210 code [0x0000021207cbc380, 0x0000021207cbc450]
Event: 17.250 Thread 0x000002127fe2b850 3422       3       java.lang.Thread::interrupted (7 bytes)
Event: 17.250 Thread 0x0000021256080060 3423       3       java.lang.Thread::getAndClearInterrupt (19 bytes)
Event: 17.250 Thread 0x0000021256080060 nmethod 3423 0x0000021200705710 code [0x00000212007058a0, 0x0000021200705a28]
Event: 17.250 Thread 0x000002127fe2b850 nmethod 3422 0x0000021200705b10 code [0x0000021200705ca0, 0x0000021200705f08]
Event: 17.297 Thread 0x000002127fe2b850 3424       3       java.util.concurrent.locks.ReentrantLock::newCondition (8 bytes)
Event: 17.297 Thread 0x0000021256080060 3425       3       java.util.concurrent.locks.ReentrantLock$Sync::newCondition (9 bytes)
Event: 17.298 Thread 0x000002127fe2b850 nmethod 3424 0x0000021200706010 code [0x00000212007061c0, 0x00000212007064b8]
Event: 17.298 Thread 0x0000021256080060 nmethod 3425 0x0000021200706610 code [0x00000212007067a0, 0x0000021200706a30]
Event: 17.313 Thread 0x000002127fe2b850 3426       3       java.lang.ref.ReferenceQueue::<init> (32 bytes)
Event: 17.314 Thread 0x000002127fe2b850 nmethod 3426 0x0000021200706b10 code [0x0000021200706d20, 0x00000212007075e8]
Event: 17.350 Thread 0x000002127fe2b850 3427       1       javafx.scene.Camera::getViewHeight (5 bytes)
Event: 17.350 Thread 0x000002127fe2b850 nmethod 3427 0x0000021207cbc510 code [0x0000021207cbc680, 0x0000021207cbc750]
Event: 17.350 Thread 0x000002127fe28210 3428       4       javafx.scene.Node::updateLocalToParentTransform (442 bytes)
Event: 17.355 Thread 0x000002127fe28210 nmethod 3428 0x0000021207cbc810 code [0x0000021207cbca60, 0x0000021207cbd0e8]

GC Heap History (4 events):
Event: 0.529 GC heap before
{Heap before GC invocations=0 (full 0):
 garbage-first heap   total 256000K, used 20480K [0x0000000706000000, 0x0000000800000000)
  region size 2048K, 11 young (22528K), 0 survivors (0K)
 Metaspace       used 4113K, committed 4352K, reserved 1114112K
  class space    used 416K, committed 512K, reserved 1048576K
}
Event: 0.533 GC heap after
{Heap after GC invocations=1 (full 0):
 garbage-first heap   total 256000K, used 2463K [0x0000000706000000, 0x0000000800000000)
  region size 2048K, 2 young (4096K), 2 survivors (4096K)
 Metaspace       used 4113K, committed 4352K, reserved 1114112K
  class space    used 416K, committed 512K, reserved 1048576K
}
Event: 2.156 GC heap before
{Heap before GC invocations=1 (full 0):
 garbage-first heap   total 256000K, used 37279K [0x0000000706000000, 0x0000000800000000)
  region size 2048K, 19 young (38912K), 2 survivors (4096K)
 Metaspace       used 13849K, committed 14208K, reserved 1114112K
  class space    used 1819K, committed 1984K, reserved 1048576K
}
Event: 2.163 GC heap after
{Heap after GC invocations=2 (full 0):
 garbage-first heap   total 256000K, used 10417K [0x0000000706000000, 0x0000000800000000)
  region size 2048K, 3 young (6144K), 3 survivors (6144K)
 Metaspace       used 13849K, committed 14208K, reserved 1114112K
  class space    used 1819K, committed 1984K, reserved 1048576K
}

Dll operation events (20 events):
Event: 0.345 Loaded shared library C:\Users\jackj\.openjfx\cache\20+19\amd64\api-ms-win-crt-locale-l1-1-0.dll
Event: 0.347 Loaded shared library C:\Users\jackj\.openjfx\cache\20+19\amd64\api-ms-win-crt-math-l1-1-0.dll
Event: 0.349 Loaded shared library C:\Users\jackj\.openjfx\cache\20+19\amd64\api-ms-win-crt-multibyte-l1-1-0.dll
Event: 0.351 Loaded shared library C:\Users\jackj\.openjfx\cache\20+19\amd64\api-ms-win-crt-private-l1-1-0.dll
Event: 0.353 Loaded shared library C:\Users\jackj\.openjfx\cache\20+19\amd64\api-ms-win-crt-process-l1-1-0.dll
Event: 0.354 Loaded shared library C:\Users\jackj\.openjfx\cache\20+19\amd64\api-ms-win-crt-runtime-l1-1-0.dll
Event: 0.356 Loaded shared library C:\Users\jackj\.openjfx\cache\20+19\amd64\api-ms-win-crt-stdio-l1-1-0.dll
Event: 0.358 Loaded shared library C:\Users\jackj\.openjfx\cache\20+19\amd64\api-ms-win-crt-string-l1-1-0.dll
Event: 0.360 Loaded shared library C:\Users\jackj\.openjfx\cache\20+19\amd64\api-ms-win-crt-time-l1-1-0.dll
Event: 0.361 Loaded shared library C:\Users\jackj\.openjfx\cache\20+19\amd64\api-ms-win-crt-utility-l1-1-0.dll
Event: 0.374 Loaded shared library C:\Users\jackj\.openjfx\cache\20+19\amd64\ucrtbase.dll
Event: 0.377 Loaded shared library C:\Users\jackj\.openjfx\cache\20+19\amd64\vcruntime140.dll
Event: 0.379 Loaded shared library C:\Users\jackj\.openjfx\cache\20+19\amd64\vcruntime140_1.dll
Event: 0.387 Loaded shared library C:\Users\jackj\.openjfx\cache\20+19\amd64\msvcp140.dll
Event: 0.388 Loaded shared library C:\Users\jackj\.openjfx\cache\20+19\amd64\msvcp140_1.dll
Event: 0.392 Loaded shared library C:\Users\jackj\.openjfx\cache\20+19\amd64\msvcp140_2.dll
Event: 0.424 Loaded shared library C:\Users\jackj\.openjfx\cache\20+19\amd64\prism_d3d.dll
Event: 0.481 Loaded shared library C:\Users\jackj\.openjfx\cache\20+19\amd64\glass.dll
Event: 0.580 Loaded shared library C:\Users\jackj\.openjfx\cache\20+19\amd64\javafx_font.dll
Event: 0.594 Loaded shared library C:\Users\jackj\.jdks\corretto-20.0.2.1\bin\jimage.dll

Deoptimization events (20 events):
Event: 2.651 Thread 0x0000021257207120 DEOPT PACKING pc=0x0000021207c752e4 sp=0x000000bad87fe0c0
Event: 2.651 Thread 0x0000021257207120 DEOPT UNPACKING pc=0x00000212074b9d22 sp=0x000000bad87fe060 mode 2
Event: 2.671 Thread 0x0000021256d9fe10 DEOPT PACKING pc=0x00000212003ca3f1 sp=0x000000bad81fdc10
Event: 2.674 Thread 0x0000021256d9fe10 DEOPT UNPACKING pc=0x00000212074ba4c2 sp=0x000000bad81fd0c0 mode 0
Event: 10.504 Thread 0x0000021257207120 Uncommon trap: trap_request=0xffffff45 fr.pc=0x0000021207c9caac relative=0x0000000000002c2c
Event: 10.504 Thread 0x0000021257207120 Uncommon trap: reason=unstable_if action=reinterpret pc=0x0000021207c9caac method=javafx.scene.CssStyleHelper.createStyleHelper(Ljavafx/scene/Node;)Ljavafx/scene/CssStyleHelper; @ 131 c2
Event: 10.504 Thread 0x0000021257207120 DEOPT PACKING pc=0x0000021207c9caac sp=0x000000bad87fe010
Event: 10.504 Thread 0x0000021257207120 DEOPT UNPACKING pc=0x00000212074b9d22 sp=0x000000bad87fdfe0 mode 2
Event: 11.674 Thread 0x0000021257574590 DEOPT PACKING pc=0x00000212006d102e sp=0x000000bad98ff080
Event: 11.674 Thread 0x0000021257574590 DEOPT UNPACKING pc=0x00000212074ba4c2 sp=0x000000bad98fe688 mode 0
Event: 14.645 Thread 0x0000021256d9fe10 DEOPT PACKING pc=0x0000021200423830 sp=0x000000bad81fdc40
Event: 14.645 Thread 0x0000021256d9fe10 DEOPT UNPACKING pc=0x00000212074ba4c2 sp=0x000000bad81fd090 mode 0
Event: 14.645 Thread 0x0000021256d9fe10 Uncommon trap: trap_request=0xffffff45 fr.pc=0x0000021207cb1aa8 relative=0x0000000000000208
Event: 14.645 Thread 0x0000021256d9fe10 Uncommon trap: reason=unstable_if action=reinterpret pc=0x0000021207cb1aa8 method=java.util.WeakHashMap.get(Ljava/lang/Object;)Ljava/lang/Object; @ 44 c2
Event: 14.645 Thread 0x0000021256d9fe10 DEOPT PACKING pc=0x0000021207cb1aa8 sp=0x000000bad81fdfa0
Event: 14.645 Thread 0x0000021256d9fe10 DEOPT UNPACKING pc=0x00000212074b9d22 sp=0x000000bad81fdf40 mode 2
Event: 17.355 Thread 0x0000021257574590 Uncommon trap: trap_request=0xffffff45 fr.pc=0x0000021207cabda4 relative=0x00000000000000a4
Event: 17.355 Thread 0x0000021257574590 Uncommon trap: reason=unstable_if action=reinterpret pc=0x0000021207cabda4 method=com.snust.tetrij.GameScene.GameSceneSingle.PlayerThreadSingle.run()V @ 40 c2
Event: 17.355 Thread 0x0000021257574590 DEOPT PACKING pc=0x0000021207cabda4 sp=0x000000bad98ff200
Event: 17.355 Thread 0x0000021257574590 DEOPT UNPACKING pc=0x00000212074b9d22 sp=0x000000bad98ff190 mode 2

Classes loaded (20 events):
Event: 1.141 Loading class java/nio/FloatBuffer
Event: 1.141 Loading class java/nio/FloatBuffer done
Event: 1.141 Loading class java/nio/DoubleBuffer
Event: 1.141 Loading class java/nio/DoubleBuffer done
Event: 1.142 Loading class java/nio/DirectFloatBufferU
Event: 1.142 Loading class java/nio/DirectFloatBufferU done
Event: 1.171 Loading class java/util/EnumMap$Values
Event: 1.171 Loading class java/util/EnumMap$Values done
Event: 1.171 Loading class java/util/EnumMap$ValueIterator
Event: 1.171 Loading class java/util/EnumMap$EnumMapIterator
Event: 1.171 Loading class java/util/EnumMap$EnumMapIterator done
Event: 1.171 Loading class java/util/EnumMap$ValueIterator done
Event: 2.657 Loading class java/lang/Math$RandomNumberGeneratorHolder
Event: 2.657 Loading class java/lang/Math$RandomNumberGeneratorHolder done
Event: 2.659 Loading class jdk/internal/event/ThreadSleepEvent
Event: 2.659 Loading class jdk/internal/event/ThreadSleepEvent done
Event: 17.134 Loading class java/io/UnsupportedEncodingException
Event: 17.134 Loading class java/io/UnsupportedEncodingException done
Event: 20.161 Loading class jdk/internal/misc/Signal$1
Event: 20.162 Loading class jdk/internal/misc/Signal$1 done

Classes unloaded (0 events):
No events

Classes redefined (0 events):
No events

Internal exceptions (20 events):
Event: 0.823 Thread 0x0000021257207120 Exception <a 'java/lang/NoSuchMethodError'{0x0000000714788b78}: 'void java.lang.invoke.DelegatingMethodHandle$Holder.reinvoke_L(java.lang.Object, java.lang.Object, int)'> (0x0000000714788b78) 
thrown [s\src\hotspot\share\interpreter\linkResolver.cpp, line 773]
Event: 0.824 Thread 0x0000021257207120 Exception <a 'java/lang/NoSuchMethodError'{0x000000071478f858}: 'int java.lang.invoke.DirectMethodHandle$Holder.invokeSpecial(java.lang.Object, java.lang.Object, java.lang.Object)'> (0x000000071478f858) 
thrown [s\src\hotspot\share\interpreter\linkResolver.cpp, line 773]
Event: 0.866 Thread 0x0000021257207120 Exception <a 'sun/nio/fs/WindowsException'{0x000000071456c5c8}> (0x000000071456c5c8) 
thrown [s\src\hotspot\share\prims\jni.cpp, line 519]
Event: 0.872 Thread 0x0000021257207120 Exception <a 'java/io/FileNotFoundException'{0x000000071459a120}> (0x000000071459a120) 
thrown [s\src\hotspot\share\prims\jni.cpp, line 519]
Event: 0.933 Thread 0x0000021257207120 Implicit null exception at 0x0000021207c16c7e to 0x0000021207c172a4
Event: 0.950 Thread 0x0000021257207120 Exception <a 'sun/nio/fs/WindowsException'{0x0000000713d89760}> (0x0000000713d89760) 
thrown [s\src\hotspot\share\prims\jni.cpp, line 519]
Event: 0.964 Thread 0x0000021257207120 Exception <a 'java/lang/IncompatibleClassChangeError'{0x0000000713a6c228}: Found class java.lang.Object, but interface was expected> (0x0000000713a6c228) 
thrown [s\src\hotspot\share\interpreter\linkResolver.cpp, line 840]
Event: 0.999 Thread 0x0000021257207120 Exception <a 'java/lang/NoSuchMethodError'{0x0000000713b9f2d0}: 'int java.lang.invoke.DirectMethodHandle$Holder.invokeSpecial(java.lang.Object, java.lang.Object, int)'> (0x0000000713b9f2d0) 
thrown [s\src\hotspot\share\interpreter\linkResolver.cpp, line 773]
Event: 1.012 Thread 0x0000021257207120 Exception <a 'java/lang/NoSuchMethodError'{0x000000071382add8}: 'java.lang.Object java.lang.invoke.DirectMethodHandle$Holder.newInvokeSpecial(java.lang.Object, java.lang.Object, int)'> (0x000000071382add8) 
thrown [s\src\hotspot\share\interpreter\linkResolver.cpp, line 773]
Event: 1.052 Thread 0x000002127fe23d20 Exception <a 'sun/nio/fs/WindowsException'{0x0000000713926028}> (0x0000000713926028) 
thrown [s\src\hotspot\share\prims\jni.cpp, line 519]
Event: 1.096 Thread 0x0000021256d9fe10 Exception <a 'java/lang/NoSuchMethodError'{0x000000071589bd68}: 'int java.lang.invoke.DirectMethodHandle$Holder.invokeStaticInit(java.lang.Object, java.lang.Object)'> (0x000000071589bd68) 
thrown [s\src\hotspot\share\interpreter\linkResolver.cpp, line 773]
Event: 1.927 Thread 0x0000021257207120 Exception <a 'java/io/FileNotFoundException'{0x000000071352c238}> (0x000000071352c238) 
thrown [s\src\hotspot\share\prims\jni.cpp, line 519]
Event: 2.617 Thread 0x0000021257207120 Implicit null exception at 0x0000021207c4316d to 0x0000021207c43c6f
Event: 2.622 Thread 0x0000021257207120 Implicit null exception at 0x0000021207c0cf9d to 0x0000021207c0d019
Event: 2.627 Thread 0x0000021257207120 Implicit null exception at 0x0000021207c18ffb to 0x0000021207c191fc
Event: 2.627 Thread 0x0000021257207120 Implicit null exception at 0x0000021207c1ca7b to 0x0000021207c1cc6c
Event: 17.155 Thread 0x0000021257207120 Exception <a 'java/lang/NoSuchMethodError'{0x00000007150873d8}: 'long java.lang.invoke.DirectMethodHandle$Holder.invokeStatic(java.lang.Object, java.lang.Object, java.lang.Object)'> (0x00000007150873d8) 
thrown [s\src\hotspot\share\interpreter\linkResolver.cpp, line 773]
Event: 17.155 Thread 0x0000021257207120 Exception <a 'java/lang/NoSuchMethodError'{0x000000071508aa58}: 'long java.lang.invoke.DirectMethodHandle$Holder.invokeStaticInit(java.lang.Object, java.lang.Object, java.lang.Object)'> (0x000000071508aa58) 
thrown [s\src\hotspot\share\interpreter\linkResolver.cpp, line 773]
Event: 17.156 Thread 0x0000021257207120 Exception <a 'java/lang/NoSuchMethodError'{0x00000007150a2e58}: 'java.lang.Object java.lang.invoke.DirectMethodHandle$Holder.newInvokeSpecial(java.lang.Object, java.lang.Object, long)'> (0x00000007150a2e58) 
thrown [s\src\hotspot\share\interpreter\linkResolver.cpp, line 773]
Event: 17.156 Thread 0x0000021257207120 Exception <a 'java/lang/NoSuchMethodError'{0x00000007150a6750}: 'java.lang.Object java.lang.invoke.Invokers$Holder.linkToTargetMethod(java.lang.Object, long, java.lang.Object)'> (0x00000007150a6750) 
thrown [s\src\hotspot\share\interpreter\linkResolver.cpp, line 773]

VM Operations (20 events):
Event: 2.748 Executing VM operation: ICBufferFull done
Event: 4.748 Executing VM operation: Cleanup
Event: 4.749 Executing VM operation: Cleanup done
Event: 5.749 Executing VM operation: Cleanup
Event: 5.749 Executing VM operation: Cleanup done
Event: 8.750 Executing VM operation: Cleanup
Event: 8.750 Executing VM operation: Cleanup done
Event: 10.750 Executing VM operation: Cleanup
Event: 10.750 Executing VM operation: Cleanup done
Event: 11.751 Executing VM operation: Cleanup
Event: 11.751 Executing VM operation: Cleanup done
Event: 13.751 Executing VM operation: Cleanup
Event: 13.751 Executing VM operation: Cleanup done
Event: 14.752 Executing VM operation: Cleanup
Event: 14.752 Executing VM operation: Cleanup done
Event: 16.753 Executing VM operation: Cleanup
Event: 16.753 Executing VM operation: Cleanup done
Event: 18.753 Executing VM operation: Cleanup
Event: 18.754 Executing VM operation: Cleanup done
Event: 20.164 Executing VM operation: Exit

Events (20 events):
Event: 1.843 Thread 0x0000021256080060 Thread exited: 0x0000021256080060
Event: 1.844 Thread 0x0000021256081c30 Thread exited: 0x0000021256081c30
Event: 2.641 Thread 0x0000021257574590 Thread added: 0x0000021257574590
Event: 2.714 Thread 0x0000021256081110 Thread added: 0x0000021256081110
Event: 2.724 Thread 0x00000212560821c0 Thread added: 0x00000212560821c0
Event: 2.750 Thread 0x0000021256081c30 Thread added: 0x0000021256081c30
Event: 2.756 Thread 0x0000021256080060 Thread added: 0x0000021256080060
Event: 3.925 Thread 0x00000212560821c0 Thread exited: 0x00000212560821c0
Event: 3.925 Thread 0x0000021256080060 Thread exited: 0x0000021256080060
Event: 3.926 Thread 0x0000021256082ce0 Thread exited: 0x0000021256082ce0
Event: 3.926 Thread 0x0000021256081c30 Thread exited: 0x0000021256081c30
Event: 3.927 Thread 0x0000021256081110 Thread exited: 0x0000021256081110
Event: 5.666 Thread 0x0000021256080b80 Thread exited: 0x0000021256080b80
Event: 14.299 Thread 0x0000021256080060 Thread added: 0x0000021256080060
Event: 20.162 Thread 0x0000021257573050 Thread added: 0x0000021257573050
Event: 20.162 Thread 0x00000212575735a0 Thread added: 0x00000212575735a0
Event: 20.162 Thread 0x0000021257573af0 Thread added: 0x0000021257573af0
Event: 20.162 Thread 0x00000212618ec830 Thread added: 0x00000212618ec830
Event: 20.163 Thread 0x0000021257573af0 Thread exited: 0x0000021257573af0
Event: 20.163 Thread 0x00000212618ec830 Thread exited: 0x00000212618ec830


Dynamic libraries:
0x00007ff657e90000 - 0x00007ff657e9e000 	C:\Users\jackj\.jdks\corretto-20.0.2.1\bin\java.exe
0x00007fff0de30000 - 0x00007fff0e047000 	C:\Windows\SYSTEM32\ntdll.dll
0x00007fff0ce40000 - 0x00007fff0cf04000 	C:\Windows\System32\KERNEL32.DLL
0x00007fff0b4b0000 - 0x00007fff0b857000 	C:\Windows\System32\KERNELBASE.dll
0x00007fff0b2a0000 - 0x00007fff0b3b1000 	C:\Windows\System32\ucrtbase.dll
0x00007ffee1660000 - 0x00007ffee1677000 	C:\Users\jackj\.jdks\corretto-20.0.2.1\bin\jli.dll
0x00007ffee1480000 - 0x00007ffee149b000 	C:\Users\jackj\.jdks\corretto-20.0.2.1\bin\VCRUNTIME140.dll
0x00007fff0d0b0000 - 0x00007fff0d25e000 	C:\Windows\System32\USER32.dll
0x00007fff0b920000 - 0x00007fff0b946000 	C:\Windows\System32\win32u.dll
0x00007ffeeb380000 - 0x00007ffeeb613000 	C:\Windows\WinSxS\amd64_microsoft.windows.common-controls_6595b64144ccf1df_6.0.22621.3527_none_270e469b73872a76\COMCTL32.dll
0x00007fff0cd60000 - 0x00007fff0cd89000 	C:\Windows\System32\GDI32.dll
0x00007fff0d6f0000 - 0x00007fff0d797000 	C:\Windows\System32\msvcrt.dll
0x00007fff0b180000 - 0x00007fff0b299000 	C:\Windows\System32\gdi32full.dll
0x00007fff0b950000 - 0x00007fff0b9ea000 	C:\Windows\System32\msvcp_win.dll
0x00007fff0cf10000 - 0x00007fff0cf41000 	C:\Windows\System32\IMM32.DLL
0x00007ffee44a0000 - 0x00007ffee44ac000 	C:\Users\jackj\.jdks\corretto-20.0.2.1\bin\vcruntime140_1.dll
0x00007ffec2440000 - 0x00007ffec24ce000 	C:\Users\jackj\.jdks\corretto-20.0.2.1\bin\msvcp140.dll
0x00007ffe83e40000 - 0x00007ffe84b44000 	C:\Users\jackj\.jdks\corretto-20.0.2.1\bin\server\jvm.dll
0x00007fff0bb70000 - 0x00007fff0bc22000 	C:\Windows\System32\ADVAPI32.dll
0x00007fff0cd90000 - 0x00007fff0ce38000 	C:\Windows\System32\sechost.dll
0x00007fff0b150000 - 0x00007fff0b178000 	C:\Windows\System32\bcrypt.dll
0x00007fff0d7c0000 - 0x00007fff0d8d5000 	C:\Windows\System32\RPCRT4.dll
0x00007fff03c60000 - 0x00007fff03c69000 	C:\Windows\SYSTEM32\WSOCK32.dll
0x00007fff0dd70000 - 0x00007fff0dde1000 	C:\Windows\System32\WS2_32.dll
0x00007ffefd530000 - 0x00007ffefd564000 	C:\Windows\SYSTEM32\WINMM.dll
0x00007ffef9f80000 - 0x00007ffef9f8a000 	C:\Windows\SYSTEM32\VERSION.dll
0x00007fff0a140000 - 0x00007fff0a158000 	C:\Windows\SYSTEM32\kernel.appcore.dll
0x00007ffee4400000 - 0x00007ffee440a000 	C:\Users\jackj\.jdks\corretto-20.0.2.1\bin\jimage.dll
0x00007fff08d20000 - 0x00007fff08f52000 	C:\Windows\SYSTEM32\DBGHELP.DLL
0x00007fff0d8e0000 - 0x00007fff0dc68000 	C:\Windows\System32\combase.dll
0x00007fff0d610000 - 0x00007fff0d6e7000 	C:\Windows\System32\OLEAUT32.dll
0x00007ffeec3a0000 - 0x00007ffeec3d2000 	C:\Windows\SYSTEM32\dbgcore.DLL
0x00007fff0b3c0000 - 0x00007fff0b439000 	C:\Windows\System32\bcryptPrimitives.dll
0x00007ffeff140000 - 0x00007ffeff14e000 	C:\Users\jackj\.jdks\corretto-20.0.2.1\bin\instrument.dll
0x00007ffee12f0000 - 0x00007ffee1316000 	C:\Users\jackj\.jdks\corretto-20.0.2.1\bin\java.dll
0x00007ffeb99b0000 - 0x00007ffeb9a87000 	C:\Users\jackj\.jdks\corretto-20.0.2.1\bin\jsvml.dll
0x00007fff0bc30000 - 0x00007fff0c48c000 	C:\Windows\System32\SHELL32.dll
0x00007fff08f60000 - 0x00007fff09856000 	C:\Windows\SYSTEM32\windows.storage.dll
0x00007fff08be0000 - 0x00007fff08d1e000 	C:\Windows\SYSTEM32\wintypes.dll
0x00007fff0cc60000 - 0x00007fff0cd55000 	C:\Windows\System32\SHCORE.dll
0x00007fff0d280000 - 0x00007fff0d2de000 	C:\Windows\System32\shlwapi.dll
0x00007fff0b080000 - 0x00007fff0b0a1000 	C:\Windows\SYSTEM32\profapi.dll
0x00007ffee12d0000 - 0x00007ffee12e3000 	C:\Users\jackj\.jdks\corretto-20.0.2.1\bin\net.dll
0x00007fff01f10000 - 0x00007fff02046000 	C:\Windows\SYSTEM32\WINHTTP.dll
0x00007fff0a5e0000 - 0x00007fff0a649000 	C:\Windows\system32\mswsock.dll
0x00007ffee1150000 - 0x00007ffee1166000 	C:\Users\jackj\.jdks\corretto-20.0.2.1\bin\nio.dll
0x00007ffee0d50000 - 0x00007ffee0d68000 	C:\Users\jackj\.jdks\corretto-20.0.2.1\bin\zip.dll
0x00007ffed2040000 - 0x00007ffed205a000 	C:\Users\jackj\IntelliJ IDEA 2023.1.1\bin\breakgen64.dll
0x000002127ffa0000 - 0x000002127ffa3000 	C:\Users\jackj\.openjfx\cache\20+19\amd64\api-ms-win-core-console-l1-1-0.dll
0x000002127ffb0000 - 0x000002127ffb3000 	C:\Users\jackj\.openjfx\cache\20+19\amd64\api-ms-win-core-console-l1-2-0.dll
0x000002127ffc0000 - 0x000002127ffc3000 	C:\Users\jackj\.openjfx\cache\20+19\amd64\api-ms-win-core-datetime-l1-1-0.dll
0x000002127ffd0000 - 0x000002127ffd3000 	C:\Users\jackj\.openjfx\cache\20+19\amd64\api-ms-win-core-debug-l1-1-0.dll
0x000002127ffe0000 - 0x000002127ffe3000 	C:\Users\jackj\.openjfx\cache\20+19\amd64\api-ms-win-core-errorhandling-l1-1-0.dll
0x000002127fff0000 - 0x000002127fff4000 	C:\Users\jackj\.openjfx\cache\20+19\amd64\api-ms-win-core-file-l1-1-0.dll
0x0000021257bd0000 - 0x0000021257bd3000 	C:\Users\jackj\.openjfx\cache\20+19\amd64\api-ms-win-core-file-l1-2-0.dll
0x0000021257be0000 - 0x0000021257be3000 	C:\Users\jackj\.openjfx\cache\20+19\amd64\api-ms-win-core-file-l2-1-0.dll
0x0000021257bf0000 - 0x0000021257bf3000 	C:\Users\jackj\.openjfx\cache\20+19\amd64\api-ms-win-core-handle-l1-1-0.dll
0x0000021257c00000 - 0x0000021257c03000 	C:\Users\jackj\.openjfx\cache\20+19\amd64\api-ms-win-core-heap-l1-1-0.dll
0x0000021257c10000 - 0x0000021257c13000 	C:\Users\jackj\.openjfx\cache\20+19\amd64\api-ms-win-core-interlocked-l1-1-0.dll
0x0000021257c20000 - 0x0000021257c23000 	C:\Users\jackj\.openjfx\cache\20+19\amd64\api-ms-win-core-libraryloader-l1-1-0.dll
0x0000021257c30000 - 0x0000021257c33000 	C:\Users\jackj\.openjfx\cache\20+19\amd64\api-ms-win-core-localization-l1-2-0.dll
0x0000021257c40000 - 0x0000021257c43000 	C:\Users\jackj\.openjfx\cache\20+19\amd64\api-ms-win-core-memory-l1-1-0.dll
0x0000021257c50000 - 0x0000021257c53000 	C:\Users\jackj\.openjfx\cache\20+19\amd64\api-ms-win-core-namedpipe-l1-1-0.dll
0x0000021257c60000 - 0x0000021257c63000 	C:\Users\jackj\.openjfx\cache\20+19\amd64\api-ms-win-core-processenvironment-l1-1-0.dll
0x0000021257c70000 - 0x0000021257c73000 	C:\Users\jackj\.openjfx\cache\20+19\amd64\api-ms-win-core-processthreads-l1-1-0.dll
0x0000021257c80000 - 0x0000021257c83000 	C:\Users\jackj\.openjfx\cache\20+19\amd64\api-ms-win-core-processthreads-l1-1-1.dll
0x0000021257c90000 - 0x0000021257c93000 	C:\Users\jackj\.openjfx\cache\20+19\amd64\api-ms-win-core-profile-l1-1-0.dll
0x0000021257ca0000 - 0x0000021257ca3000 	C:\Users\jackj\.openjfx\cache\20+19\amd64\api-ms-win-core-rtlsupport-l1-1-0.dll
0x0000021257cb0000 - 0x0000021257cb3000 	C:\Users\jackj\.openjfx\cache\20+19\amd64\api-ms-win-core-string-l1-1-0.dll
0x0000021257cc0000 - 0x0000021257cc3000 	C:\Users\jackj\.openjfx\cache\20+19\amd64\api-ms-win-core-synch-l1-1-0.dll
0x0000021257cd0000 - 0x0000021257cd3000 	C:\Users\jackj\.openjfx\cache\20+19\amd64\api-ms-win-core-synch-l1-2-0.dll
0x0000021257ce0000 - 0x0000021257ce3000 	C:\Users\jackj\.openjfx\cache\20+19\amd64\api-ms-win-core-sysinfo-l1-1-0.dll
0x0000021257cf0000 - 0x0000021257cf3000 	C:\Users\jackj\.openjfx\cache\20+19\amd64\api-ms-win-core-timezone-l1-1-0.dll
0x0000021257d00000 - 0x0000021257d03000 	C:\Users\jackj\.openjfx\cache\20+19\amd64\api-ms-win-core-util-l1-1-0.dll
0x0000021257d10000 - 0x0000021257d13000 	C:\Users\jackj\.openjfx\cache\20+19\amd64\api-ms-win-crt-conio-l1-1-0.dll
0x0000021257d20000 - 0x0000021257d24000 	C:\Users\jackj\.openjfx\cache\20+19\amd64\api-ms-win-crt-convert-l1-1-0.dll
0x0000021257d30000 - 0x0000021257d33000 	C:\Users\jackj\.openjfx\cache\20+19\amd64\api-ms-win-crt-environment-l1-1-0.dll
0x0000021257d40000 - 0x0000021257d43000 	C:\Users\jackj\.openjfx\cache\20+19\amd64\api-ms-win-crt-filesystem-l1-1-0.dll
0x0000021257d50000 - 0x0000021257d53000 	C:\Users\jackj\.openjfx\cache\20+19\amd64\api-ms-win-crt-heap-l1-1-0.dll
0x0000021257d60000 - 0x0000021257d63000 	C:\Users\jackj\.openjfx\cache\20+19\amd64\api-ms-win-crt-locale-l1-1-0.dll
0x0000021257d70000 - 0x0000021257d75000 	C:\Users\jackj\.openjfx\cache\20+19\amd64\api-ms-win-crt-math-l1-1-0.dll
0x0000021257d80000 - 0x0000021257d85000 	C:\Users\jackj\.openjfx\cache\20+19\amd64\api-ms-win-crt-multibyte-l1-1-0.dll
0x0000021257d90000 - 0x0000021257da0000 	C:\Users\jackj\.openjfx\cache\20+19\amd64\api-ms-win-crt-private-l1-1-0.dll
0x0000021257da0000 - 0x0000021257da3000 	C:\Users\jackj\.openjfx\cache\20+19\amd64\api-ms-win-crt-process-l1-1-0.dll
0x0000021257db0000 - 0x0000021257db4000 	C:\Users\jackj\.openjfx\cache\20+19\amd64\api-ms-win-crt-runtime-l1-1-0.dll
0x0000021257dc0000 - 0x0000021257dc4000 	C:\Users\jackj\.openjfx\cache\20+19\amd64\api-ms-win-crt-stdio-l1-1-0.dll
0x0000021257dd0000 - 0x0000021257dd4000 	C:\Users\jackj\.openjfx\cache\20+19\amd64\api-ms-win-crt-string-l1-1-0.dll
0x0000021257de0000 - 0x0000021257de3000 	C:\Users\jackj\.openjfx\cache\20+19\amd64\api-ms-win-crt-time-l1-1-0.dll
0x0000021257df0000 - 0x0000021257df3000 	C:\Users\jackj\.openjfx\cache\20+19\amd64\api-ms-win-crt-utility-l1-1-0.dll
0x00007ffeb9510000 - 0x00007ffeb960c000 	C:\Users\jackj\.openjfx\cache\20+19\amd64\ucrtbase.dll
0x00007ffed1b40000 - 0x00007ffed1b5b000 	C:\Users\jackj\.openjfx\cache\20+19\amd64\vcruntime140.dll
0x00007ffede5b0000 - 0x00007ffede5bc000 	C:\Users\jackj\.openjfx\cache\20+19\amd64\vcruntime140_1.dll
0x00007ffeb9480000 - 0x00007ffeb950e000 	C:\Users\jackj\.openjfx\cache\20+19\amd64\msvcp140.dll
0x00007ffede520000 - 0x00007ffede529000 	C:\Users\jackj\.openjfx\cache\20+19\amd64\msvcp140_1.dll
0x00007ffec38a0000 - 0x00007ffec38d0000 	C:\Users\jackj\.openjfx\cache\20+19\amd64\msvcp140_2.dll
0x00007ffeb9980000 - 0x00007ffeb99af000 	C:\Users\jackj\.openjfx\cache\20+19\amd64\prism_d3d.dll
0x00007ffea9ba0000 - 0x00007ffea9d49000 	C:\Windows\system32\d3d9.dll
0x00007fff082b0000 - 0x00007fff082db000 	C:\Windows\SYSTEM32\dwmapi.dll
0x00007fff08160000 - 0x00007fff08199000 	C:\Windows\SYSTEM32\dxcore.dll
0x00007fff08080000 - 0x00007fff0812b000 	C:\Windows\system32\uxtheme.dll
0x00007ffec5ae0000 - 0x00007ffec5b90000 	C:\Windows\SYSTEM32\d3d9on12.dll
0x00007fff081a0000 - 0x00007fff08297000 	C:\Windows\SYSTEM32\dxgi.dll
0x00007ffecf000000 - 0x00007ffecf026000 	C:\Windows\SYSTEM32\d3d12.dll
0x00007fff0ad80000 - 0x00007fff0adce000 	C:\Windows\SYSTEM32\cfgmgr32.dll
0x00007ffea9990000 - 0x00007ffea9b93000 	C:\Windows\SYSTEM32\D3D12Core.dll
0x00007ffecef60000 - 0x00007ffecef84000 	C:\Windows\System32\DriverStore\FileRepository\iigd_dch.inf_amd64_7540d49940133a51\igd12umd64.dll
0x00007ffea6460000 - 0x00007ffea70b4000 	C:\Windows\System32\DriverStore\FileRepository\iigd_dch.inf_amd64_7540d49940133a51\igd12um64xel.dll
0x00007fff0b9f0000 - 0x00007fff0bb58000 	C:\Windows\System32\CRYPT32.dll
0x00007ffefc1f0000 - 0x00007ffefc602000 	C:\Windows\System32\DriverStore\FileRepository\iigd_dch.inf_amd64_7540d49940133a51\igdgmm64.dll
0x00007ffefed20000 - 0x00007ffefed5a000 	C:\Windows\SYSTEM32\ControlLib.dll
0x00007fff0c610000 - 0x00007fff0ca84000 	C:\Windows\System32\SETUPAPI.dll
0x00007fff0add0000 - 0x00007fff0adfc000 	C:\Windows\SYSTEM32\DEVOBJ.dll
0x00007ffefec70000 - 0x00007ffefece3000 	C:\Windows\System32\DriverStore\FileRepository\iigd_dch.inf_amd64_7540d49940133a51\IntelControlLib.dll
0x00007fff0b440000 - 0x00007fff0b4ab000 	C:\Windows\System32\WINTRUST.dll
0x00007fff0a8a0000 - 0x00007fff0a8b2000 	C:\Windows\SYSTEM32\MSASN1.dll
0x00007fff032c0000 - 0x00007fff0330a000 	C:\Windows\SYSTEM32\directxdatabasehelper.dll
0x00007ffef2a90000 - 0x00007ffef6f7a000 	C:\Windows\System32\DriverStore\FileRepository\iigd_dch.inf_amd64_7540d49940133a51\igc64.dll
0x00007fff0d340000 - 0x00007fff0d4e5000 	C:\Windows\System32\ole32.dll
0x00007ffecec00000 - 0x00007ffecec2f000 	C:\Windows\SYSTEM32\D3DSCache.dll
0x00007fff0a6e0000 - 0x00007fff0a708000 	C:\Windows\SYSTEM32\USERENV.dll
0x00007ffe9f230000 - 0x00007ffea453d000 	C:\Windows\System32\DriverStore\FileRepository\iigd_dch.inf_amd64_7540d49940133a51\igd12dxva64.dll
0x00007ffece3d0000 - 0x00007ffece3f7000 	C:\Windows\System32\DriverStore\FileRepository\iigd_dch.inf_amd64_7540d49940133a51\igdinfo64.dll
0x00007fff009f0000 - 0x00007fff00c7b000 	C:\Windows\SYSTEM32\twinapi.appcore.dll
0x00007ffeb9430000 - 0x00007ffeb9472000 	C:\Users\jackj\.openjfx\cache\20+19\amd64\glass.dll
0x00007fff0dc70000 - 0x00007fff0dd67000 	C:\Windows\System32\COMDLG32.dll
0x00007fff0cf50000 - 0x00007fff0d0a3000 	C:\Windows\System32\MSCTF.dll
0x00007ffed1b20000 - 0x00007ffed1b34000 	C:\Users\jackj\.openjfx\cache\20+19\amd64\javafx_font.dll
0x00007fff06a70000 - 0x00007fff06ce4000 	C:\Windows\SYSTEM32\dwrite.dll

dbghelp: loaded successfully - version: 4.0.5 - missing functions: none
symbol engine: initialized successfully - sym options: 0x614 - pdb path: .;C:\Users\jackj\.jdks\corretto-20.0.2.1\bin;C:\Windows\SYSTEM32;C:\Windows\WinSxS\amd64_microsoft.windows.common-controls_6595b64144ccf1df_6.0.22621.3527_none_270e469b73872a76;C:\Users\jackj\.jdks\corretto-20.0.2.1\bin\server;C:\Users\jackj\IntelliJ IDEA 2023.1.1\bin;C:\Users\jackj\.openjfx\cache\20+19\amd64;C:\Windows\System32\DriverStore\FileRepository\iigd_dch.inf_amd64_7540d49940133a51;C:\Program Files\Common Files\Microsoft Shared\Ink

VM Arguments:
jvm_args: -javaagent:C:\Users\jackj\IntelliJ IDEA 2023.1.1\lib\idea_rt.jar=60814:C:\Users\jackj\IntelliJ IDEA 2023.1.1\bin -Dfile.encoding=UTF-8 -Dsun.stdout.encoding=UTF-8 -Dsun.stderr.encoding=UTF-8 --module-path=C:\Users\jackj\.m2\repository\org\openjfx\javafx-base\20\javafx-base-20-win.jar;C:\Users\jackj\.m2\repository\org\openjfx\javafx-media\20\javafx-media-20-win.jar;C:\Users\jackj\UnitySaves\TetriJ\target\classes;C:\Users\jackj\.m2\repository\com\github\almasb\fxgl-entity\17.2\fxgl-entity-17.2.jar;C:\Users\jackj\.m2\repository\org\json\json\20210307\json-20210307.jar;C:\Users\jackj\.m2\repository\com\github\almasb\fxgl-io\17.2\fxgl-io-17.2.jar;C:\Users\jackj\.m2\repository\com\gluonhq\attach\util\4.0.13\util-4.0.13.jar;C:\Users\jackj\.m2\repository\com\fasterxml\jackson\core\jackson-annotations\2.12.1\jackson-annotations-2.12.1.jar;C:\Users\jackj\.m2\repository\com\gluonhq\attach\lifecycle\4.0.13\lifecycle-4.0.13.jar;C:\Users\jackj\.m2\repository\com\github\almasb\fxgl\17.2\fxgl-17.2.jar;C:\Users\jackj\.m2\repository\org\jetbrains\kotlin\kotlin-stdlib\1.6.0\kotlin-stdlib-1.6.0-modular.jar;C:\Users\jackj\.m2\repository\com\github\almasb\fxgl-scene\17.2\fxgl-scene-17.2.jar;C:\Users\jackj\.m2\repository\com\fasterxml\jackson\core\jackson-core\2.12.1\jackson-core-2.12.1.jar;C:\Users\jackj\.m2\repository\com\gluonhq\attach\audio\4.0.13\audio-4.0.13.jar;C:\Users\jackj\.m2\repository\org\openjfx\javafx-controls\20\javafx-controls-20-win.jar;C:\Users\jackj\.m2\repository\org\openjfx\javafx-graphics\20\javafx-graphics-20-win.jar;C:\Users\jackj\.m2\repository\com\fasterxml\jackson\core\jackson-databind\2.12.1\jackson-databind-2.12.1.jar;C:\Users\jackj\.m2\repository\junit\junit\4.13.2\junit-4.13.2.jar;C:\Users\jackj\.m2\repository\com\github\almasb\fxgl-gameplay\17.2\fxgl-gameplay-17.2.jar;C:\Users\jackj\.m2\repository\com\github\almasb\fxgl-core\17.2\fxgl-core-17.2.jar;C:\Users\jackj\.m2\repository\org\openjfx\javafx-fxml\20\javafx-fxml-20-win.jar;C:\Users\jackj\.m2\repository\com\gluonhq\attach\storage\4.0.13\storage-4.0.13.jar -Djdk.module.main=com.snust.tetrij 
java_command: com.snust.tetrij/com.snust.tetrij.MainMenu
java_class_path (initial): C:\Users\jackj\.m2\repository\org\openjfx\javafx-controls\20\javafx-controls-20.jar;C:\Users\jackj\.m2\repository\org\openjfx\javafx-graphics\20\javafx-graphics-20.jar;C:\Users\jackj\.m2\repository\org\openjfx\javafx-base\20\javafx-base-20.jar;C:\Users\jackj\.m2\repository\org\openjfx\javafx-fxml\20\javafx-fxml-20.jar;C:\Users\jackj\.m2\repository\org\openjfx\javafx-media\20\javafx-media-20.jar;C:\Users\jackj\.m2\repository\org\jetbrains\annotations\13.0\annotations-13.0.jar;C:\Users\jackj\.m2\repository\org\jetbrains\kotlin\kotlin-stdlib-common\1.6.0\kotlin-stdlib-common-1.6.0.jar;C:\Users\jackj\.m2\repository\org\hamcrest\hamcrest-core\1.3\hamcrest-core-1.3.jar
Launcher Type: SUN_STANDARD

[Global flags]
     intx CICompilerCount                          = 12                                        {product} {ergonomic}
     uint ConcGCThreads                            = 3                                         {product} {ergonomic}
     uint G1ConcRefinementThreads                  = 13                                        {product} {ergonomic}
   size_t G1HeapRegionSize                         = 2097152                                   {product} {ergonomic}
    uintx GCDrainStackTargetSize                   = 64                                        {product} {ergonomic}
   size_t InitialHeapSize                          = 262144000                                 {product} {ergonomic}
   size_t MarkStackSize                            = 4194304                                   {product} {ergonomic}
   size_t MaxHeapSize                              = 4194304000                                {product} {ergonomic}
   size_t MaxNewSize                               = 2516582400                                {product} {ergonomic}
   size_t MinHeapDeltaBytes                        = 2097152                                   {product} {ergonomic}
   size_t MinHeapSize                              = 8388608                                   {product} {ergonomic}
    uintx NonNMethodCodeHeapSize                   = 7602480                                {pd product} {ergonomic}
    uintx NonProfiledCodeHeapSize                  = 122027880                              {pd product} {ergonomic}
    uintx ProfiledCodeHeapSize                     = 122027880                              {pd product} {ergonomic}
    uintx ReservedCodeCacheSize                    = 251658240                              {pd product} {ergonomic}
     bool SegmentedCodeCache                       = true                                      {product} {ergonomic}
   size_t SoftMaxHeapSize                          = 4194304000                             {manageable} {ergonomic}
     bool UseCompressedClassPointers               = true                           {product lp64_product} {ergonomic}
     bool UseCompressedOops                        = true                           {product lp64_product} {ergonomic}
     bool UseG1GC                                  = true                                      {product} {ergonomic}
     bool UseLargePagesIndividualAllocation        = false                                  {pd product} {ergonomic}

Logging:
Log output configuration:
 #0: stdout all=off uptime,level,tags foldmultilines=false
 #1: stderr all=off uptime,level,tags foldmultilines=false

Environment Variables:
JAVA_HOME=C:\Program Files\Java\jdk-19
PATH=C:\Program Files\Common Files\Oracle\Java\javapath;C:\Windows\system32;C:\Windows;C:\Windows\System32\Wbem;C:\Windows\System32\WindowsPowerShell\v1.0\;C:\Windows\System32\OpenSSH\;%JAVA_HOME%\bin;C:\Program Files\Bandizip\;C:\Program Files\Git\cmd;C:\Program Files\dotnet\;C:\Users\jackj\AppData\Local\Microsoft\WindowsApps;C:\Users\jackj\AppData\Local\GitHubDesktop\bin;C:\Users\jackj\AppData\Local\Programs\MiKTeX\miktex\bin\x64\;C:\Users\jackj\.dotnet\tools
USERNAME=jackj
OS=Windows_NT
PROCESSOR_IDENTIFIER=Intel64 Family 6 Model 154 Stepping 3, GenuineIntel
TMP=C:\Users\jackj\AppData\Local\Temp
TEMP=C:\Users\jackj\AppData\Local\Temp




---------------  S Y S T E M  ---------------

OS:
 Windows 11 , 64 bit Build 22621 (10.0.22621.3527)
OS uptime: 0 days 23:31 hours
Hyper-V role detected

CPU: total 16 (initial active 16) (8 cores per cpu, 2 threads per core) family 6 model 154 stepping 3 microcode 0x423, cx8, cmov, fxsr, ht, mmx, 3dnowpref, sse, sse2, sse3, ssse3, sse4.1, sse4.2, popcnt, lzcnt, tsc, tscinvbit, avx, avx2, aes, erms, clmul, bmi1, bmi2, adx, sha, fma, vzeroupper, clflush, clflushopt, clwb, hv, serialize, rdtscp, rdpid, fsrm, f16c, cet_ibt, cet_ss

Memory: 4k page, system-wide physical 15997M (5501M free)
TotalPageFile size 19386M (AvailPageFile size 2852M)
current process WorkingSet (physical memory assigned to process): 303M, peak: 311M
current process commit charge ("private bytes"): 574M, peak: 583M

vm_info: OpenJDK 64-Bit Server VM (20.0.2.1+10-FR) for windows-amd64 JRE (20.0.2.1+10-FR), built on 2023-08-19T09:18:31Z by "Administrator" with unknown MS VC++:1937

END.
